<?xml version="1.0" encoding="UTF-8"?>
<robot generator="Robot 4.1.1 (Python 3.9.7 on win32)" generated="20220331 09:03:15.146" rpa="false" schemaversion="2">
<suite id="s1" name="Users" source="D:\qafullstack\ProjetoPaula\MeuProjeto\backend\users\testes\Users.robot">
<test id="s1-t1" name="Add new user">
<kw name="Factory New User" library="Users">
<var>${user}</var>
<msg timestamp="20220331 09:03:15.303" level="INFO">${user} = {'name': 'Paulinha via API', 'email': 'paulinha.jampa@gmail.com', 'password': 'pwd123'}</msg>
<status status="PASS" starttime="20220331 09:03:15.303" endtime="20220331 09:03:15.303"/>
</kw>
<kw name="Remove User" library="Helpers">
<arg>${user}</arg>
<kw name="Get token" library="Helpers">
<var>${token}</var>
<arg>${user}</arg>
<kw name="Create Dictionary" library="BuiltIn">
<var>${payload}</var>
<arg>email=${user}[email]</arg>
<arg>password=${user}[password]</arg>
<doc>Creates and returns a dictionary based on the given ``items``.</doc>
<msg timestamp="20220331 09:03:15.305" level="INFO">${payload} = {'email': 'paulinha.jampa@gmail.com', 'password': 'pwd123'}</msg>
<status status="PASS" starttime="20220331 09:03:15.305" endtime="20220331 09:03:15.305"/>
</kw>
<kw name="POST session" library="SessionsRoute">
<var>${response}</var>
<arg>${payload}</arg>
<kw name="POST" library="RequestsLibrary">
<var>${response}</var>
<arg>${API_URL}/sessions</arg>
<arg>json=${payload}</arg>
<arg>expected_status=any</arg>
<doc>Sends a POST request.</doc>
<msg timestamp="20220331 09:03:17.091" level="INFO">POST Request : url=https://getgeeks-users-paula.herokuapp.com/sessions 
 path_url=/sessions 
 headers={'User-Agent': 'python-requests/2.26.0', 'Accept-Encoding': 'gzip, deflate', 'Accept': '*/*', 'Connection': 'keep-alive', 'Content-Length': '59', 'Content-Type': 'application/json'} 
 body=b'{"email": "paulinha.jampa@gmail.com", "password": "pwd123"}' 
 </msg>
<msg timestamp="20220331 09:03:17.092" level="INFO">POST Response : url=https://getgeeks-users-paula.herokuapp.com/sessions 
 status=401, reason=Unauthorized 
 headers={'Server': 'Cowboy', 'Connection': 'keep-alive', 'X-Powered-By': 'Express', 'Access-Control-Allow-Origin': '*', 'Content-Type': 'application/json; charset=utf-8', 'Content-Length': '24', 'Etag': 'W/"18-XPDV80vbMk4yY1/PADG4jYM4rSI"', 'Date': 'Thu, 31 Mar 2022 12:03:16 GMT', 'Via': '1.1 vegur'} 
 body={"error":"Unauthorized"} 
 </msg>
<msg timestamp="20220331 09:03:17.093" level="INFO">${response} = &lt;Response [401]&gt;</msg>
<status status="PASS" starttime="20220331 09:03:15.306" endtime="20220331 09:03:17.093"/>
</kw>
<msg timestamp="20220331 09:03:17.095" level="INFO">${response} = &lt;Response [401]&gt;</msg>
<status status="PASS" starttime="20220331 09:03:15.305" endtime="20220331 09:03:17.095"/>
</kw>
<kw name="Set Variable" library="BuiltIn">
<var>${Result}</var>
<arg>${EMPTY}</arg>
<doc>Returns the given values which can then be assigned to a variables.</doc>
<msg timestamp="20220331 09:03:17.099" level="INFO">${Result} = </msg>
<status status="PASS" starttime="20220331 09:03:17.096" endtime="20220331 09:03:17.099"/>
</kw>
<if>
<branch type="IF" condition="&quot;200&quot; in &quot;${response}&quot;">
<kw name="Set Variable" library="BuiltIn">
<var>${Result}</var>
<arg>Bearer ${response.json()}[token]</arg>
<doc>Returns the given values which can then be assigned to a variables.</doc>
<status status="NOT RUN" starttime="20220331 09:03:17.100" endtime="20220331 09:03:17.100"/>
</kw>
<status status="NOT RUN" starttime="20220331 09:03:17.100" endtime="20220331 09:03:17.100"/>
</branch>
<status status="PASS" starttime="20220331 09:03:17.099" endtime="20220331 09:03:17.100"/>
</if>
<msg timestamp="20220331 09:03:17.101" level="INFO">${token} = </msg>
<status status="PASS" starttime="20220331 09:03:15.304" endtime="20220331 09:03:17.101"/>
</kw>
<if>
<branch type="IF" condition="&quot;${token}&quot;">
<kw name="DELETE User" library="UsersRoute">
<arg>${token}</arg>
<status status="NOT RUN" starttime="20220331 09:03:17.102" endtime="20220331 09:03:17.102"/>
</kw>
<status status="NOT RUN" starttime="20220331 09:03:17.102" endtime="20220331 09:03:17.102"/>
</branch>
<status status="PASS" starttime="20220331 09:03:17.102" endtime="20220331 09:03:17.102"/>
</if>
<status status="PASS" starttime="20220331 09:03:15.304" endtime="20220331 09:03:17.103"/>
</kw>
<kw name="POST User" library="UsersRoute">
<var>${response}</var>
<arg>${user}</arg>
<kw name="POST" library="RequestsLibrary">
<var>${response}</var>
<arg>${API_URL}/users</arg>
<arg>json=${payload}</arg>
<arg>expected_status=any</arg>
<doc>Sends a POST request.</doc>
<msg timestamp="20220331 09:03:18.200" level="INFO">POST Request : url=https://getgeeks-users-paula.herokuapp.com/users 
 path_url=/users 
 headers={'User-Agent': 'python-requests/2.26.0', 'Accept-Encoding': 'gzip, deflate', 'Accept': '*/*', 'Connection': 'keep-alive', 'Content-Length': '87', 'Content-Type': 'application/json'} 
 body=b'{"name": "Paulinha via API", "email": "paulinha.jampa@gmail.com", "password": "pwd123"}' 
 </msg>
<msg timestamp="20220331 09:03:18.200" level="INFO">POST Response : url=https://getgeeks-users-paula.herokuapp.com/users 
 status=201, reason=Created 
 headers={'Server': 'Cowboy', 'Connection': 'keep-alive', 'X-Powered-By': 'Express', 'Access-Control-Allow-Origin': '*', 'Content-Type': 'application/json; charset=utf-8', 'Content-Length': '10', 'Etag': 'W/"a-r8iR1AYCoTre4/zKoRNPoctXoHU"', 'Date': 'Thu, 31 Mar 2022 12:03:18 GMT', 'Via': '1.1 vegur'} 
 body={"id":726} 
 </msg>
<msg timestamp="20220331 09:03:18.201" level="INFO">${response} = &lt;Response [201]&gt;</msg>
<status status="PASS" starttime="20220331 09:03:17.105" endtime="20220331 09:03:18.201"/>
</kw>
<msg timestamp="20220331 09:03:18.202" level="INFO">${response} = &lt;Response [201]&gt;</msg>
<status status="PASS" starttime="20220331 09:03:17.104" endtime="20220331 09:03:18.202"/>
</kw>
<kw name="Status Should Be" library="RequestsLibrary">
<arg>201</arg>
<arg>${response}</arg>
<doc>Fails if response status code is different than the expected.</doc>
<status status="PASS" starttime="20220331 09:03:18.204" endtime="20220331 09:03:18.205"/>
</kw>
<kw name="Set Variable" library="BuiltIn">
<var>${user_id}</var>
<arg>${response.json()}[id]</arg>
<doc>Returns the given values which can then be assigned to a variables.</doc>
<msg timestamp="20220331 09:03:18.208" level="INFO">${user_id} = 726</msg>
<status status="PASS" starttime="20220331 09:03:18.206" endtime="20220331 09:03:18.208"/>
</kw>
<kw name="Should Be True" library="BuiltIn">
<arg>${user_id} &gt; 0</arg>
<doc>Fails if the given condition is not true.</doc>
<status status="PASS" starttime="20220331 09:03:18.209" endtime="20220331 09:03:18.210"/>
</kw>
<tag>1</tag>
<status status="PASS" starttime="20220331 09:03:15.302" endtime="20220331 09:03:18.211"/>
</test>
<doc>Users route test suite</doc>
<status status="PASS" starttime="20220331 09:03:15.148" endtime="20220331 09:03:18.213"/>
</suite>
<statistics>
<total>
<stat pass="1" fail="0" skip="0">All Tests</stat>
</total>
<tag>
<stat pass="1" fail="0" skip="0">1</stat>
</tag>
<suite>
<stat pass="1" fail="0" skip="0" id="s1" name="Users">Users</stat>
</suite>
</statistics>
<errors>
</errors>
</robot>
