<?xml version="1.0" encoding="UTF-8"?>
<robot generator="Robot 4.1.1 (Python 3.9.7 on win32)" generated="20220331 08:26:00.286" rpa="false" schemaversion="2">
<suite id="s1" name="Users" source="D:\qafullstack\ProjetoPaula\MeuProjeto\backend\users\testes\Users.Robot">
<test id="s1-t1" name="Add new user">
<kw name="Factory New User" library="Users">
<var>${user}</var>
<msg timestamp="20220331 08:26:00.560" level="INFO">${user} = {'name': 'Paulinha via API', 'email': 'paulinha.jampa@gmail.com', 'password': 'pwd123'}</msg>
<status status="PASS" starttime="20220331 08:26:00.559" endtime="20220331 08:26:00.560"/>
</kw>
<kw name="Remove User" library="Helpers">
<arg>${user}</arg>
<kw name="Get token" library="Helpers">
<var>${token}</var>
<arg>${user}</arg>
<kw name="Create Dictionary" library="BuiltIn">
<var>${payload}</var>
<arg>email=${user}[email]</arg>
<arg>password=${user}[password]</arg>
<doc>Creates and returns a dictionary based on the given ``items``.</doc>
<msg timestamp="20220331 08:26:00.563" level="INFO">${payload} = {'email': 'paulinha.jampa@gmail.com', 'password': 'pwd123'}</msg>
<status status="PASS" starttime="20220331 08:26:00.562" endtime="20220331 08:26:00.563"/>
</kw>
<kw name="POST session" library="SessionsRoute">
<var>${response}</var>
<arg>${payload}</arg>
<kw name="POST" library="RequestsLibrary">
<var>${response}</var>
<arg>${API_URL}/sessions</arg>
<arg>json=${payload}</arg>
<arg>expected_status=any</arg>
<doc>Sends a POST request.</doc>
<msg timestamp="20220331 08:26:06.828" level="INFO">POST Request : url=https://getgeeks-users-paula.herokuapp.com/sessions 
 path_url=/sessions 
 headers={'User-Agent': 'python-requests/2.26.0', 'Accept-Encoding': 'gzip, deflate', 'Accept': '*/*', 'Connection': 'keep-alive', 'Content-Length': '59', 'Content-Type': 'application/json'} 
 body=b'{"email": "paulinha.jampa@gmail.com", "password": "pwd123"}' 
 </msg>
<msg timestamp="20220331 08:26:06.828" level="INFO">POST Response : url=https://getgeeks-users-paula.herokuapp.com/sessions 
 status=200, reason=OK 
 headers={'Server': 'Cowboy', 'Connection': 'keep-alive', 'X-Powered-By': 'Express', 'Access-Control-Allow-Origin': '*', 'Content-Type': 'application/json; charset=utf-8', 'Content-Length': '500', 'Etag': 'W/"1f4-okk+MQsslT8INWQWcX5jQIbws1g"', 'Date': 'Thu, 31 Mar 2022 11:26:06 GMT', 'Via': '1.1 vegur'} 
 body={"user":{"id":693,"email":"paulinha.jampa@gmail.com","password_hash":"$2b$08$X3c9KJeE3GwRlllnAxb29.ed0ho2EndOM7.oURbyWueD8ATTV9kOu","name":"Onofre Paula","avatar":"https://www.rpsengenharia.com.br/wp-content/uploads/2020/06/flores-de-inverno-conheca-10-especies-que-gostam-do-frio.jpeg","whatsapp":"839994401626","is_geek":false},"token":"eyJhbGciOiJIUzI1NiIsInR5cCI6IkpXVCJ9.eyJpZCI6NjkzLCJpYXQiOjE2NDg3MjU5NjYsImV4cCI6MTY0OTU4OTk2Nn0.rAgGi6QnIAQr7YN_RIqJR1EsNVEJ2SMPbMqmW4vX88Y","expires_in":"10d"} 
 </msg>
<msg timestamp="20220331 08:26:06.829" level="INFO">${response} = &lt;Response [200]&gt;</msg>
<status status="PASS" starttime="20220331 08:26:00.565" endtime="20220331 08:26:06.829"/>
</kw>
<msg timestamp="20220331 08:26:06.829" level="INFO">${response} = &lt;Response [200]&gt;</msg>
<status status="PASS" starttime="20220331 08:26:00.564" endtime="20220331 08:26:06.829"/>
</kw>
<kw name="Set Variable" library="BuiltIn">
<var>${Result}</var>
<arg>${EMPTY}</arg>
<doc>Returns the given values which can then be assigned to a variables.</doc>
<msg timestamp="20220331 08:26:06.830" level="INFO">${Result} = </msg>
<status status="PASS" starttime="20220331 08:26:06.829" endtime="20220331 08:26:06.830"/>
</kw>
<if>
<branch type="IF" condition="&quot;200&quot; in &quot;${response}&quot;">
<kw name="Set Variable" library="BuiltIn">
<var>${Result}</var>
<arg>Bearer ${response.json()}[token]</arg>
<doc>Returns the given values which can then be assigned to a variables.</doc>
<msg timestamp="20220331 08:26:06.833" level="INFO">${Result} = Bearer eyJhbGciOiJIUzI1NiIsInR5cCI6IkpXVCJ9.eyJpZCI6NjkzLCJpYXQiOjE2NDg3MjU5NjYsImV4cCI6MTY0OTU4OTk2Nn0.rAgGi6QnIAQr7YN_RIqJR1EsNVEJ2SMPbMqmW4vX88Y</msg>
<status status="PASS" starttime="20220331 08:26:06.831" endtime="20220331 08:26:06.833"/>
</kw>
<status status="PASS" starttime="20220331 08:26:06.831" endtime="20220331 08:26:06.833"/>
</branch>
<status status="PASS" starttime="20220331 08:26:06.830" endtime="20220331 08:26:06.833"/>
</if>
<msg timestamp="20220331 08:26:06.833" level="INFO">${token} = Bearer eyJhbGciOiJIUzI1NiIsInR5cCI6IkpXVCJ9.eyJpZCI6NjkzLCJpYXQiOjE2NDg3MjU5NjYsImV4cCI6MTY0OTU4OTk2Nn0.rAgGi6QnIAQr7YN_RIqJR1EsNVEJ2SMPbMqmW4vX88Y</msg>
<status status="PASS" starttime="20220331 08:26:00.561" endtime="20220331 08:26:06.834"/>
</kw>
<if>
<branch type="IF" condition="&quot;${token}&quot;">
<kw name="DELETE User" library="UsersRoute">
<arg>${token}</arg>
<kw name="Create Dictionary" library="BuiltIn">
<var>${headers}</var>
<arg>Authorization=${token}</arg>
<doc>Creates and returns a dictionary based on the given ``items``.</doc>
<msg timestamp="20220331 08:26:06.836" level="INFO">${headers} = {'Authorization': 'Bearer eyJhbGciOiJIUzI1NiIsInR5cCI6IkpXVCJ9.eyJpZCI6NjkzLCJpYXQiOjE2NDg3MjU5NjYsImV4cCI6MTY0OTU4OTk2Nn0.rAgGi6QnIAQr7YN_RIqJR1EsNVEJ2SMPbMqmW4vX88Y'}</msg>
<status status="PASS" starttime="20220331 08:26:06.836" endtime="20220331 08:26:06.836"/>
</kw>
<kw name="DELETE" library="RequestsLibrary">
<var>${response}</var>
<arg>${API_URL}/users</arg>
<arg>headers=${headers}</arg>
<arg>expected_status=any</arg>
<doc>Sends a DELETE request.</doc>
<msg timestamp="20220331 08:26:07.722" level="INFO">DELETE Request : url=https://getgeeks-users-paula.herokuapp.com/users 
 path_url=/users 
 headers={'User-Agent': 'python-requests/2.26.0', 'Accept-Encoding': 'gzip, deflate', 'Accept': '*/*', 'Connection': 'keep-alive', 'Authorization': 'Bearer eyJhbGciOiJIUzI1NiIsInR5cCI6IkpXVCJ9.eyJpZCI6NjkzLCJpYXQiOjE2NDg3MjU5NjYsImV4cCI6MTY0OTU4OTk2Nn0.rAgGi6QnIAQr7YN_RIqJR1EsNVEJ2SMPbMqmW4vX88Y', 'Content-Length': '0'} 
 body=None 
 </msg>
<msg timestamp="20220331 08:26:07.723" level="INFO">DELETE Response : url=https://getgeeks-users-paula.herokuapp.com/users 
 status=204, reason=No Content 
 headers={'Server': 'Cowboy', 'Content-Length': '0', 'Connection': 'keep-alive', 'X-Powered-By': 'Express', 'Access-Control-Allow-Origin': '*', 'Date': 'Thu, 31 Mar 2022 11:26:07 GMT', 'Via': '1.1 vegur'} 
 body=None 
 </msg>
<msg timestamp="20220331 08:26:07.723" level="INFO">${response} = &lt;Response [204]&gt;</msg>
<status status="PASS" starttime="20220331 08:26:06.836" endtime="20220331 08:26:07.723"/>
</kw>
<status status="PASS" starttime="20220331 08:26:06.835" endtime="20220331 08:26:07.724"/>
</kw>
<status status="PASS" starttime="20220331 08:26:06.834" endtime="20220331 08:26:07.724"/>
</branch>
<status status="PASS" starttime="20220331 08:26:06.834" endtime="20220331 08:26:07.724"/>
</if>
<status status="PASS" starttime="20220331 08:26:00.560" endtime="20220331 08:26:07.724"/>
</kw>
<kw name="POST User" library="UsersRoute">
<var>${response}</var>
<arg>${user}</arg>
<kw name="POST" library="RequestsLibrary">
<var>${response}</var>
<arg>${API_URL}/users</arg>
<arg>json=${payload}</arg>
<arg>expected_status=any</arg>
<doc>Sends a POST request.</doc>
<msg timestamp="20220331 08:26:08.329" level="INFO">POST Request : url=https://getgeeks-users-paula.herokuapp.com/users 
 path_url=/users 
 headers={'User-Agent': 'python-requests/2.26.0', 'Accept-Encoding': 'gzip, deflate', 'Accept': '*/*', 'Connection': 'keep-alive', 'Content-Length': '87', 'Content-Type': 'application/json'} 
 body=b'{"name": "Paulinha via API", "email": "paulinha.jampa@gmail.com", "password": "pwd123"}' 
 </msg>
<msg timestamp="20220331 08:26:08.329" level="INFO">POST Response : url=https://getgeeks-users-paula.herokuapp.com/users 
 status=201, reason=Created 
 headers={'Server': 'Cowboy', 'Connection': 'keep-alive', 'X-Powered-By': 'Express', 'Access-Control-Allow-Origin': '*', 'Content-Type': 'application/json; charset=utf-8', 'Content-Length': '10', 'Etag': 'W/"a-hkfJdGtzxhHMo2SWIDm2jhDR2ow"', 'Date': 'Thu, 31 Mar 2022 11:26:08 GMT', 'Via': '1.1 vegur'} 
 body={"id":694} 
 </msg>
<msg timestamp="20220331 08:26:08.330" level="INFO">${response} = &lt;Response [201]&gt;</msg>
<status status="PASS" starttime="20220331 08:26:07.725" endtime="20220331 08:26:08.330"/>
</kw>
<msg timestamp="20220331 08:26:08.331" level="INFO">${response} = &lt;Response [201]&gt;</msg>
<status status="PASS" starttime="20220331 08:26:07.724" endtime="20220331 08:26:08.332"/>
</kw>
<kw name="Status Should Be" library="RequestsLibrary">
<arg>201</arg>
<arg>${response}</arg>
<doc>Fails if response status code is different than the expected.</doc>
<status status="PASS" starttime="20220331 08:26:08.334" endtime="20220331 08:26:08.336"/>
</kw>
<kw name="Set Variable" library="BuiltIn">
<var>${user_id}</var>
<arg>${response.json()}[id]</arg>
<doc>Returns the given values which can then be assigned to a variables.</doc>
<msg timestamp="20220331 08:26:08.344" level="INFO">${user_id} = 694</msg>
<status status="PASS" starttime="20220331 08:26:08.339" endtime="20220331 08:26:08.344"/>
</kw>
<kw name="Should Be True" library="BuiltIn">
<arg>${user_id} &gt; 0</arg>
<doc>Fails if the given condition is not true.</doc>
<status status="PASS" starttime="20220331 08:26:08.345" endtime="20220331 08:26:08.346"/>
</kw>
<tag>1</tag>
<status status="PASS" starttime="20220331 08:26:00.558" endtime="20220331 08:26:08.347"/>
</test>
<doc>Users route test suite</doc>
<status status="PASS" starttime="20220331 08:26:00.296" endtime="20220331 08:26:08.351"/>
</suite>
<statistics>
<total>
<stat pass="1" fail="0" skip="0">All Tests</stat>
</total>
<tag>
<stat pass="1" fail="0" skip="0">1</stat>
</tag>
<suite>
<stat pass="1" fail="0" skip="0" id="s1" name="Users">Users</stat>
</suite>
</statistics>
<errors>
</errors>
</robot>
