<?xml version="1.0" encoding="UTF-8"?>
<robot generator="Robot 4.1.1 (Python 3.9.7 on win32)" generated="20220329 10:00:31.353" rpa="false" schemaversion="2">
<suite id="s1" name="Testes" source="D:\qafullstack\PROJETO FINAL\backend\users\testes">
<suite id="s1-s1" name="Geeks" source="D:\qafullstack\PROJETO FINAL\backend\users\testes\Geeks.robot">
<test id="s1-s1-t1" name="Criar um Geek">
<kw name="Factory Be Geek" library="Users">
<var>${user}</var>
<msg timestamp="20220329 10:00:31.509" level="INFO">${user} = {'name': 'Onofre Paula', 'email': 'paulinha@automacao.com.br', 'password': 'pwd123', 'geek_profile': {'whatsapp': '11999999999', 'desc': 'Seu computador está lento? Reiniciando do nada? Talvez seja um...</msg>
<status status="PASS" starttime="20220329 10:00:31.509" endtime="20220329 10:00:31.509"/>
</kw>
<kw name="Remove User" library="Helpers">
<arg>${user}</arg>
<kw name="Get token" library="Helpers">
<var>${token}</var>
<arg>${user}</arg>
<kw name="Create Dictionary" library="BuiltIn">
<var>${payload}</var>
<arg>email=${user}[email]</arg>
<arg>password=${user}[password]</arg>
<doc>Creates and returns a dictionary based on the given ``items``.</doc>
<msg timestamp="20220329 10:00:31.512" level="INFO">${payload} = {'email': 'paulinha@automacao.com.br', 'password': 'pwd123'}</msg>
<status status="PASS" starttime="20220329 10:00:31.510" endtime="20220329 10:00:31.512"/>
</kw>
<kw name="POST session" library="SessionsRoute">
<var>${response}</var>
<arg>${payload}</arg>
<kw name="POST" library="RequestsLibrary">
<var>${response}</var>
<arg>${API_URL}/sessions</arg>
<arg>json=${payload}</arg>
<arg>expected_status=any</arg>
<doc>Sends a POST request.</doc>
<msg timestamp="20220329 10:00:32.405" level="INFO">POST Request : url=https://getgeeks-users-paula.herokuapp.com/sessions 
 path_url=/sessions 
 headers={'User-Agent': 'python-requests/2.26.0', 'Accept-Encoding': 'gzip, deflate', 'Accept': '*/*', 'Connection': 'keep-alive', 'Content-Length': '60', 'Content-Type': 'application/json'} 
 body=b'{"email": "paulinha@automacao.com.br", "password": "pwd123"}' 
 </msg>
<msg timestamp="20220329 10:00:32.405" level="INFO">POST Response : url=https://getgeeks-users-paula.herokuapp.com/sessions 
 status=401, reason=Unauthorized 
 headers={'Server': 'Cowboy', 'Connection': 'keep-alive', 'X-Powered-By': 'Express', 'Access-Control-Allow-Origin': '*', 'Content-Type': 'application/json; charset=utf-8', 'Content-Length': '24', 'Etag': 'W/"18-XPDV80vbMk4yY1/PADG4jYM4rSI"', 'Date': 'Tue, 29 Mar 2022 13:00:32 GMT', 'Via': '1.1 vegur'} 
 body={"error":"Unauthorized"} 
 </msg>
<msg timestamp="20220329 10:00:32.405" level="INFO">${response} = &lt;Response [401]&gt;</msg>
<status status="PASS" starttime="20220329 10:00:31.513" endtime="20220329 10:00:32.405"/>
</kw>
<msg timestamp="20220329 10:00:32.405" level="INFO">${response} = &lt;Response [401]&gt;</msg>
<status status="PASS" starttime="20220329 10:00:31.512" endtime="20220329 10:00:32.406"/>
</kw>
<kw name="Set Variable" library="BuiltIn">
<var>${Result}</var>
<arg>${EMPTY}</arg>
<doc>Returns the given values which can then be assigned to a variables.</doc>
<msg timestamp="20220329 10:00:32.406" level="INFO">${Result} = </msg>
<status status="PASS" starttime="20220329 10:00:32.406" endtime="20220329 10:00:32.407"/>
</kw>
<if>
<branch type="IF" condition="&quot;200&quot; in &quot;${response}&quot;">
<kw name="Set Variable" library="BuiltIn">
<var>${Result}</var>
<arg>Bearer ${response.json()}[token]</arg>
<doc>Returns the given values which can then be assigned to a variables.</doc>
<status status="NOT RUN" starttime="20220329 10:00:32.407" endtime="20220329 10:00:32.407"/>
</kw>
<status status="NOT RUN" starttime="20220329 10:00:32.407" endtime="20220329 10:00:32.407"/>
</branch>
<status status="PASS" starttime="20220329 10:00:32.407" endtime="20220329 10:00:32.407"/>
</if>
<msg timestamp="20220329 10:00:32.407" level="INFO">${token} = </msg>
<status status="PASS" starttime="20220329 10:00:31.510" endtime="20220329 10:00:32.407"/>
</kw>
<if>
<branch type="IF" condition="&quot;${token}&quot;">
<kw name="DELETE User" library="UsersRoute">
<arg>${token}</arg>
<status status="NOT RUN" starttime="20220329 10:00:32.408" endtime="20220329 10:00:32.408"/>
</kw>
<status status="NOT RUN" starttime="20220329 10:00:32.408" endtime="20220329 10:00:32.408"/>
</branch>
<status status="PASS" starttime="20220329 10:00:32.407" endtime="20220329 10:00:32.408"/>
</if>
<status status="PASS" starttime="20220329 10:00:31.509" endtime="20220329 10:00:32.408"/>
</kw>
<kw name="POST User" library="UsersRoute">
<arg>${user}</arg>
<kw name="POST" library="RequestsLibrary">
<var>${response}</var>
<arg>${API_URL}/users</arg>
<arg>json=${payload}</arg>
<arg>expected_status=any</arg>
<doc>Sends a POST request.</doc>
<msg timestamp="20220329 10:00:33.153" level="INFO">POST Request : url=https://getgeeks-users-paula.herokuapp.com/users 
 path_url=/users 
 headers={'User-Agent': 'python-requests/2.26.0', 'Accept-Encoding': 'gzip, deflate', 'Accept': '*/*', 'Connection': 'keep-alive', 'Content-Length': '490', 'Content-Type': 'application/json'} 
 body=b'{"name": "Onofre Paula", "email": "paulinha@automacao.com.br", "password": "pwd123", "geek_profile": {"whatsapp": "11999999999", "desc": "Seu computador est\\u00e1 lento? Reiniciando do nada? Talvez seja um v\\u00edrus, ou algum hardware com defeito. Posso fazer a manuten\\u00e7\\u00e3o no seu PC, formando, reinstalando o SO, trocando algum componente f\\u00edsico e porque n\\u00e3o remover o baidu ou qualquer outro malware.", "printer_repair": "Sim", "work": "Presencial", "cost": "150.99"}}' 
 </msg>
<msg timestamp="20220329 10:00:33.154" level="INFO">POST Response : url=https://getgeeks-users-paula.herokuapp.com/users 
 status=201, reason=Created 
 headers={'Server': 'Cowboy', 'Connection': 'keep-alive', 'X-Powered-By': 'Express', 'Access-Control-Allow-Origin': '*', 'Content-Type': 'application/json; charset=utf-8', 'Content-Length': '10', 'Etag': 'W/"a-JZvO6rUonDU9ZGnBC3GvTqNgGOA"', 'Date': 'Tue, 29 Mar 2022 13:00:33 GMT', 'Via': '1.1 vegur'} 
 body={"id":667} 
 </msg>
<msg timestamp="20220329 10:00:33.154" level="INFO">${response} = &lt;Response [201]&gt;</msg>
<status status="PASS" starttime="20220329 10:00:32.409" endtime="20220329 10:00:33.154"/>
</kw>
<status status="PASS" starttime="20220329 10:00:32.409" endtime="20220329 10:00:33.155"/>
</kw>
<kw name="Get token" library="Helpers">
<var>${token}</var>
<arg>${user}</arg>
<kw name="Create Dictionary" library="BuiltIn">
<var>${payload}</var>
<arg>email=${user}[email]</arg>
<arg>password=${user}[password]</arg>
<doc>Creates and returns a dictionary based on the given ``items``.</doc>
<msg timestamp="20220329 10:00:33.159" level="INFO">${payload} = {'email': 'paulinha@automacao.com.br', 'password': 'pwd123'}</msg>
<status status="PASS" starttime="20220329 10:00:33.158" endtime="20220329 10:00:33.159"/>
</kw>
<kw name="POST session" library="SessionsRoute">
<var>${response}</var>
<arg>${payload}</arg>
<kw name="POST" library="RequestsLibrary">
<var>${response}</var>
<arg>${API_URL}/sessions</arg>
<arg>json=${payload}</arg>
<arg>expected_status=any</arg>
<doc>Sends a POST request.</doc>
<msg timestamp="20220329 10:00:33.855" level="INFO">POST Request : url=https://getgeeks-users-paula.herokuapp.com/sessions 
 path_url=/sessions 
 headers={'User-Agent': 'python-requests/2.26.0', 'Accept-Encoding': 'gzip, deflate', 'Accept': '*/*', 'Connection': 'keep-alive', 'Content-Length': '60', 'Content-Type': 'application/json'} 
 body=b'{"email": "paulinha@automacao.com.br", "password": "pwd123"}' 
 </msg>
<msg timestamp="20220329 10:00:33.855" level="INFO">POST Response : url=https://getgeeks-users-paula.herokuapp.com/sessions 
 status=200, reason=OK 
 headers={'Server': 'Cowboy', 'Connection': 'keep-alive', 'X-Powered-By': 'Express', 'Access-Control-Allow-Origin': '*', 'Content-Type': 'application/json; charset=utf-8', 'Content-Length': '372', 'Etag': 'W/"174-owos3rvpimDwyfaAxEfBHw7Wc2g"', 'Date': 'Tue, 29 Mar 2022 13:00:34 GMT', 'Via': '1.1 vegur'} 
 body={"user":{"id":667,"email":"paulinha@automacao.com.br","password_hash":"$2b$08$S30qEHj7nLRxA51nT664Qu5j.kTZVlatQjUbhIJAJN.yKJJzTXNuq","name":"Onofre Paula","avatar":null,"whatsapp":null,"is_geek":false},"token":"eyJhbGciOiJIUzI1NiIsInR5cCI6IkpXVCJ9.eyJpZCI6NjY3LCJpYXQiOjE2NDg1NTg4MzQsImV4cCI6MTY0OTQyMjgzNH0.M3gE6XWv_F7xgsrDVOQqKo0SFQe0O4aeAsp7OqoCVGY","expires_in":"10d"} 
 </msg>
<msg timestamp="20220329 10:00:33.856" level="INFO">${response} = &lt;Response [200]&gt;</msg>
<status status="PASS" starttime="20220329 10:00:33.160" endtime="20220329 10:00:33.856"/>
</kw>
<msg timestamp="20220329 10:00:33.857" level="INFO">${response} = &lt;Response [200]&gt;</msg>
<status status="PASS" starttime="20220329 10:00:33.159" endtime="20220329 10:00:33.857"/>
</kw>
<kw name="Set Variable" library="BuiltIn">
<var>${Result}</var>
<arg>${EMPTY}</arg>
<doc>Returns the given values which can then be assigned to a variables.</doc>
<msg timestamp="20220329 10:00:33.860" level="INFO">${Result} = </msg>
<status status="PASS" starttime="20220329 10:00:33.858" endtime="20220329 10:00:33.860"/>
</kw>
<if>
<branch type="IF" condition="&quot;200&quot; in &quot;${response}&quot;">
<kw name="Set Variable" library="BuiltIn">
<var>${Result}</var>
<arg>Bearer ${response.json()}[token]</arg>
<doc>Returns the given values which can then be assigned to a variables.</doc>
<msg timestamp="20220329 10:00:33.865" level="INFO">${Result} = Bearer eyJhbGciOiJIUzI1NiIsInR5cCI6IkpXVCJ9.eyJpZCI6NjY3LCJpYXQiOjE2NDg1NTg4MzQsImV4cCI6MTY0OTQyMjgzNH0.M3gE6XWv_F7xgsrDVOQqKo0SFQe0O4aeAsp7OqoCVGY</msg>
<status status="PASS" starttime="20220329 10:00:33.862" endtime="20220329 10:00:33.865"/>
</kw>
<status status="PASS" starttime="20220329 10:00:33.861" endtime="20220329 10:00:33.866"/>
</branch>
<status status="PASS" starttime="20220329 10:00:33.861" endtime="20220329 10:00:33.866"/>
</if>
<msg timestamp="20220329 10:00:33.869" level="INFO">${token} = Bearer eyJhbGciOiJIUzI1NiIsInR5cCI6IkpXVCJ9.eyJpZCI6NjY3LCJpYXQiOjE2NDg1NTg4MzQsImV4cCI6MTY0OTQyMjgzNH0.M3gE6XWv_F7xgsrDVOQqKo0SFQe0O4aeAsp7OqoCVGY</msg>
<status status="PASS" starttime="20220329 10:00:33.156" endtime="20220329 10:00:33.869"/>
</kw>
<kw name="POST Geek" library="GeeksRoute">
<var>${response}</var>
<arg>${token}</arg>
<arg>${user}[geek_profile]</arg>
<kw name="Create Dictionary" library="BuiltIn">
<var>${headers}</var>
<arg>Authorization=${token}</arg>
<doc>Creates and returns a dictionary based on the given ``items``.</doc>
<msg timestamp="20220329 10:00:33.878" level="INFO">${headers} = {'Authorization': 'Bearer eyJhbGciOiJIUzI1NiIsInR5cCI6IkpXVCJ9.eyJpZCI6NjY3LCJpYXQiOjE2NDg1NTg4MzQsImV4cCI6MTY0OTQyMjgzNH0.M3gE6XWv_F7xgsrDVOQqKo0SFQe0O4aeAsp7OqoCVGY'}</msg>
<status status="PASS" starttime="20220329 10:00:33.875" endtime="20220329 10:00:33.879"/>
</kw>
<kw name="POST" library="RequestsLibrary">
<var>${response}</var>
<arg>${API_GEEKS}/geeks</arg>
<arg>json=${payload}</arg>
<arg>headers=${headers}</arg>
<arg>expected_status=any</arg>
<doc>Sends a POST request.</doc>
<msg timestamp="20220329 10:00:34.841" level="INFO">POST Request : url=https://getgeeks-geeks-paula.herokuapp.com/geeks 
 path_url=/geeks 
 headers={'User-Agent': 'python-requests/2.26.0', 'Accept-Encoding': 'gzip, deflate', 'Accept': '*/*', 'Connection': 'keep-alive', 'Authorization': 'Bearer eyJhbGciOiJIUzI1NiIsInR5cCI6IkpXVCJ9.eyJpZCI6NjY3LCJpYXQiOjE2NDg1NTg4MzQsImV4cCI6MTY0OTQyMjgzNH0.M3gE6XWv_F7xgsrDVOQqKo0SFQe0O4aeAsp7OqoCVGY', 'Content-Length': '388', 'Content-Type': 'application/json'} 
 body=b'{"whatsapp": "11999999999", "desc": "Seu computador est\\u00e1 lento? Reiniciando do nada? Talvez seja um v\\u00edrus, ou algum hardware com defeito. Posso fazer a manuten\\u00e7\\u00e3o no seu PC, formando, reinstalando o SO, trocando algum componente f\\u00edsico e porque n\\u00e3o remover o baidu ou qualquer outro malware.", "printer_repair": "Sim", "work": "Presencial", "cost": "150.99"}' 
 </msg>
<msg timestamp="20220329 10:00:34.841" level="INFO">POST Response : url=https://getgeeks-geeks-paula.herokuapp.com/geeks 
 status=201, reason=Created 
 headers={'Server': 'Cowboy', 'Connection': 'keep-alive', 'X-Powered-By': 'Express', 'Access-Control-Allow-Origin': '*', 'Date': 'Tue, 29 Mar 2022 13:00:35 GMT', 'Content-Length': '0', 'Via': '1.1 vegur'} 
 body=None 
 </msg>
<msg timestamp="20220329 10:00:34.841" level="INFO">${response} = &lt;Response [201]&gt;</msg>
<status status="PASS" starttime="20220329 10:00:33.881" endtime="20220329 10:00:34.841"/>
</kw>
<msg timestamp="20220329 10:00:34.841" level="INFO">${response} = &lt;Response [201]&gt;</msg>
<status status="PASS" starttime="20220329 10:00:33.871" endtime="20220329 10:00:34.841"/>
</kw>
<kw name="Status Should Be" library="RequestsLibrary">
<arg>201</arg>
<arg>${response}</arg>
<doc>Fails if response status code is different than the expected.</doc>
<status status="PASS" starttime="20220329 10:00:34.842" endtime="20220329 10:00:34.842"/>
</kw>
<kw name="GET User" library="UsersRoute">
<var>${response}</var>
<arg>${token}</arg>
<kw name="Create Dictionary" library="BuiltIn">
<var>${headers}</var>
<arg>Authorization=${token}</arg>
<doc>Creates and returns a dictionary based on the given ``items``.</doc>
<msg timestamp="20220329 10:00:34.844" level="INFO">${headers} = {'Authorization': 'Bearer eyJhbGciOiJIUzI1NiIsInR5cCI6IkpXVCJ9.eyJpZCI6NjY3LCJpYXQiOjE2NDg1NTg4MzQsImV4cCI6MTY0OTQyMjgzNH0.M3gE6XWv_F7xgsrDVOQqKo0SFQe0O4aeAsp7OqoCVGY'}</msg>
<status status="PASS" starttime="20220329 10:00:34.843" endtime="20220329 10:00:34.844"/>
</kw>
<kw name="GET" library="RequestsLibrary">
<var>${response}</var>
<arg>${API_URL}/users</arg>
<arg>headers=${headers}</arg>
<arg>expected_status=any</arg>
<doc>Sends a GET request.</doc>
<msg timestamp="20220329 10:00:35.787" level="INFO">GET Request : url=https://getgeeks-users-paula.herokuapp.com/users 
 path_url=/users 
 headers={'User-Agent': 'python-requests/2.26.0', 'Accept-Encoding': 'gzip, deflate', 'Accept': '*/*', 'Connection': 'keep-alive', 'Authorization': 'Bearer eyJhbGciOiJIUzI1NiIsInR5cCI6IkpXVCJ9.eyJpZCI6NjY3LCJpYXQiOjE2NDg1NTg4MzQsImV4cCI6MTY0OTQyMjgzNH0.M3gE6XWv_F7xgsrDVOQqKo0SFQe0O4aeAsp7OqoCVGY'} 
 body=None 
 </msg>
<msg timestamp="20220329 10:00:35.787" level="INFO">GET Response : url=https://getgeeks-users-paula.herokuapp.com/users 
 status=200, reason=OK 
 headers={'Server': 'Cowboy', 'Connection': 'keep-alive', 'X-Powered-By': 'Express', 'Access-Control-Allow-Origin': '*', 'Content-Type': 'application/json; charset=utf-8', 'Content-Length': '544', 'Etag': 'W/"220-bBK4j8zilKwss/KYE6TUOhJVhLM"', 'Date': 'Tue, 29 Mar 2022 13:00:36 GMT', 'Via': '1.1 vegur'} 
 body={"id":143,"email":"paulinha@automacao.com.br","password_hash":"$2b$08$S30qEHj7nLRxA51nT664Qu5j.kTZVlatQjUbhIJAJN.yKJJzTXNuq","name":"Onofre Paula","avatar":null,"whatsapp":"11999999999","is_geek":true,"desc":"Seu computador está lento? Reiniciando do nada? Talvez seja um vírus, ou algum hardware com defeito. Posso fazer a manutenção no seu PC, formando, reinstalando o SO, trocando algum componente físico e porque não remover o baidu ou qualquer outro malware.","printer_repair":"Sim","work":"Presencial","cost":"150.99","user_id":667} 
 </msg>
<msg timestamp="20220329 10:00:35.787" level="INFO">${response} = &lt;Response [200]&gt;</msg>
<status status="PASS" starttime="20220329 10:00:34.844" endtime="20220329 10:00:35.787"/>
</kw>
<msg timestamp="20220329 10:00:35.787" level="INFO">${response} = &lt;Response [200]&gt;</msg>
<status status="PASS" starttime="20220329 10:00:34.843" endtime="20220329 10:00:35.787"/>
</kw>
<kw name="Should Be Equal As Strings" library="BuiltIn">
<arg>${user}[name]</arg>
<arg>${response.json()}[name]</arg>
<doc>Fails if objects are unequal after converting them to strings.</doc>
<status status="PASS" starttime="20220329 10:00:35.788" endtime="20220329 10:00:35.789"/>
</kw>
<kw name="Should Be Equal As Strings" library="BuiltIn">
<arg>${user}[email]</arg>
<arg>${response.json()}[email]</arg>
<doc>Fails if objects are unequal after converting them to strings.</doc>
<status status="PASS" starttime="20220329 10:00:35.790" endtime="20220329 10:00:35.790"/>
</kw>
<kw name="Should Be Equal As Strings" library="BuiltIn">
<arg>${user}[geek_profile][whatsapp]</arg>
<arg>${response.json()}[whatsapp]</arg>
<doc>Fails if objects are unequal after converting them to strings.</doc>
<status status="PASS" starttime="20220329 10:00:35.791" endtime="20220329 10:00:35.792"/>
</kw>
<kw name="Should Be Equal As Strings" library="BuiltIn">
<arg>${user}[geek_profile][desc]</arg>
<arg>${response.json()}[desc]</arg>
<doc>Fails if objects are unequal after converting them to strings.</doc>
<status status="PASS" starttime="20220329 10:00:35.793" endtime="20220329 10:00:35.794"/>
</kw>
<kw name="Convert To Number" library="BuiltIn">
<var>${expetect_float}</var>
<arg>${user}[geek_profile][cost]</arg>
<doc>Converts the given item to a floating point number.</doc>
<msg timestamp="20220329 10:00:35.795" level="INFO">${expetect_float} = 150.99</msg>
<status status="PASS" starttime="20220329 10:00:35.794" endtime="20220329 10:00:35.795"/>
</kw>
<kw name="Convert To Number" library="BuiltIn">
<var>${got_float}</var>
<arg>${response.json()}[cost]</arg>
<doc>Converts the given item to a floating point number.</doc>
<msg timestamp="20220329 10:00:35.797" level="INFO">${got_float} = 150.99</msg>
<status status="PASS" starttime="20220329 10:00:35.795" endtime="20220329 10:00:35.797"/>
</kw>
<kw name="Should Be Equal" library="BuiltIn">
<arg>${expetect_float}</arg>
<arg>${got_float}</arg>
<doc>Fails if the given objects are unequal.</doc>
<status status="PASS" starttime="20220329 10:00:35.798" endtime="20220329 10:00:35.800"/>
</kw>
<kw name="Should Be Equal As Strings" library="BuiltIn">
<arg>${user}[geek_profile][printer_repair]</arg>
<arg>${response.json()}[printer_repair]</arg>
<doc>Fails if objects are unequal after converting them to strings.</doc>
<status status="PASS" starttime="20220329 10:00:35.800" endtime="20220329 10:00:35.801"/>
</kw>
<kw name="Should Be Equal As Strings" library="BuiltIn">
<arg>${user}[geek_profile][work]</arg>
<arg>${response.json()}[work]</arg>
<doc>Fails if objects are unequal after converting them to strings.</doc>
<status status="PASS" starttime="20220329 10:00:35.802" endtime="20220329 10:00:35.803"/>
</kw>
<kw name="Should Be Equal As Strings" library="BuiltIn">
<arg>None</arg>
<arg>${response.json()}[avatar]</arg>
<doc>Fails if objects are unequal after converting them to strings.</doc>
<msg timestamp="20220329 10:00:35.805" level="INFO">Argument types are:
&lt;type 'unicode'&gt;
&lt;class 'NoneType'&gt;</msg>
<status status="PASS" starttime="20220329 10:00:35.804" endtime="20220329 10:00:35.805"/>
</kw>
<kw name="Should Be Equal As Strings" library="BuiltIn">
<arg>True</arg>
<arg>${response.json()}[is_geek]</arg>
<doc>Fails if objects are unequal after converting them to strings.</doc>
<msg timestamp="20220329 10:00:35.807" level="INFO">Argument types are:
&lt;type 'unicode'&gt;
&lt;class 'bool'&gt;</msg>
<status status="PASS" starttime="20220329 10:00:35.806" endtime="20220329 10:00:35.807"/>
</kw>
<status status="PASS" starttime="20220329 10:00:31.508" endtime="20220329 10:00:35.807"/>
</test>
<test id="s1-s1-t2" name="Get Geek List">
<kw name="Factory Search For Geeks" library="Users">
<var>${data}</var>
<msg timestamp="20220329 10:00:35.809" level="INFO">${data} = {'user': {'name': 'Peter Quill', 'email': 'quill@marvel.com', 'password': 'pwd123'}, 'geeks': [{'name': 'Riri Willians', 'email': 'riri@marvel.com', 'password': 'pwd123', 'geek_profile': {'whatsapp': ...</msg>
<status status="PASS" starttime="20220329 10:00:35.809" endtime="20220329 10:00:35.809"/>
</kw>
<for flavor="IN">
<var>${geek}</var>
<value>@{data}[geeks]</value>
<iter>
<var name="${geek}">{'name': 'Riri Willians', 'email': 'riri@marvel.com', 'password': 'pwd123', 'geek_profile': {'whatsapp': '11999999999', 'desc': 'Seu computador está lento? Reiniciando do nada? Talvez seja um vírus, o...</var>
<kw name="POST User" library="UsersRoute">
<arg>${geek}</arg>
<kw name="POST" library="RequestsLibrary">
<var>${response}</var>
<arg>${API_URL}/users</arg>
<arg>json=${payload}</arg>
<arg>expected_status=any</arg>
<doc>Sends a POST request.</doc>
<msg timestamp="20220329 10:00:36.462" level="INFO">POST Request : url=https://getgeeks-users-paula.herokuapp.com/users 
 path_url=/users 
 headers={'User-Agent': 'python-requests/2.26.0', 'Accept-Encoding': 'gzip, deflate', 'Accept': '*/*', 'Connection': 'keep-alive', 'Content-Length': '483', 'Content-Type': 'application/json'} 
 body=b'{"name": "Riri Willians", "email": "riri@marvel.com", "password": "pwd123", "geek_profile": {"whatsapp": "11999999999", "desc": "Seu computador est\\u00e1 lento? Reiniciando do nada? Talvez seja um v\\u00edrus, ou algum hardware com defeito. Posso fazer a manuten\\u00e7\\u00e3o no seu PC, formando, reinstalando o SO, trocando algum componente f\\u00edsico e porque n\\u00e3o remover o baidu ou qualquer outro malware.", "printer_repair": "N\\u00e3o", "work": "Presencial", "cost": "100"}}' 
 </msg>
<msg timestamp="20220329 10:00:36.462" level="INFO">POST Response : url=https://getgeeks-users-paula.herokuapp.com/users 
 status=201, reason=Created 
 headers={'Server': 'Cowboy', 'Connection': 'keep-alive', 'X-Powered-By': 'Express', 'Access-Control-Allow-Origin': '*', 'Content-Type': 'application/json; charset=utf-8', 'Content-Length': '10', 'Etag': 'W/"a-TFTaLuzkIn/v0WTEv+u7C4F2aD8"', 'Date': 'Tue, 29 Mar 2022 13:00:37 GMT', 'Via': '1.1 vegur'} 
 body={"id":668} 
 </msg>
<msg timestamp="20220329 10:00:36.463" level="INFO">${response} = &lt;Response [201]&gt;</msg>
<status status="PASS" starttime="20220329 10:00:35.810" endtime="20220329 10:00:36.463"/>
</kw>
<status status="PASS" starttime="20220329 10:00:35.810" endtime="20220329 10:00:36.464"/>
</kw>
<kw name="Get token" library="Helpers">
<var>${token}</var>
<arg>${geek}</arg>
<kw name="Create Dictionary" library="BuiltIn">
<var>${payload}</var>
<arg>email=${user}[email]</arg>
<arg>password=${user}[password]</arg>
<doc>Creates and returns a dictionary based on the given ``items``.</doc>
<msg timestamp="20220329 10:00:36.467" level="INFO">${payload} = {'email': 'riri@marvel.com', 'password': 'pwd123'}</msg>
<status status="PASS" starttime="20220329 10:00:36.465" endtime="20220329 10:00:36.467"/>
</kw>
<kw name="POST session" library="SessionsRoute">
<var>${response}</var>
<arg>${payload}</arg>
<kw name="POST" library="RequestsLibrary">
<var>${response}</var>
<arg>${API_URL}/sessions</arg>
<arg>json=${payload}</arg>
<arg>expected_status=any</arg>
<doc>Sends a POST request.</doc>
<msg timestamp="20220329 10:00:36.979" level="INFO">POST Request : url=https://getgeeks-users-paula.herokuapp.com/sessions 
 path_url=/sessions 
 headers={'User-Agent': 'python-requests/2.26.0', 'Accept-Encoding': 'gzip, deflate', 'Accept': '*/*', 'Connection': 'keep-alive', 'Content-Length': '50', 'Content-Type': 'application/json'} 
 body=b'{"email": "riri@marvel.com", "password": "pwd123"}' 
 </msg>
<msg timestamp="20220329 10:00:36.980" level="INFO">POST Response : url=https://getgeeks-users-paula.herokuapp.com/sessions 
 status=200, reason=OK 
 headers={'Server': 'Cowboy', 'Connection': 'keep-alive', 'X-Powered-By': 'Express', 'Access-Control-Allow-Origin': '*', 'Content-Type': 'application/json; charset=utf-8', 'Content-Length': '363', 'Etag': 'W/"16b-YKILWZX60pvcmu/tT6P0OfYuuJs"', 'Date': 'Tue, 29 Mar 2022 13:00:37 GMT', 'Via': '1.1 vegur'} 
 body={"user":{"id":668,"email":"riri@marvel.com","password_hash":"$2b$08$hfTpF3ZIxJYz2828/Gg6qe8YEKZZ.KHrqRC4o30QSvCeJmu5KJOXq","name":"Riri Willians","avatar":null,"whatsapp":null,"is_geek":false},"token":"eyJhbGciOiJIUzI1NiIsInR5cCI6IkpXVCJ9.eyJpZCI6NjY4LCJpYXQiOjE2NDg1NTg4MzcsImV4cCI6MTY0OTQyMjgzN30.QQ9TzXNoFhfLmyMfrXPcua0OgJsjJjn0soT2p3XeWn0","expires_in":"10d"} 
 </msg>
<msg timestamp="20220329 10:00:36.980" level="INFO">${response} = &lt;Response [200]&gt;</msg>
<status status="PASS" starttime="20220329 10:00:36.468" endtime="20220329 10:00:36.980"/>
</kw>
<msg timestamp="20220329 10:00:36.980" level="INFO">${response} = &lt;Response [200]&gt;</msg>
<status status="PASS" starttime="20220329 10:00:36.467" endtime="20220329 10:00:36.980"/>
</kw>
<kw name="Set Variable" library="BuiltIn">
<var>${Result}</var>
<arg>${EMPTY}</arg>
<doc>Returns the given values which can then be assigned to a variables.</doc>
<msg timestamp="20220329 10:00:36.981" level="INFO">${Result} = </msg>
<status status="PASS" starttime="20220329 10:00:36.980" endtime="20220329 10:00:36.981"/>
</kw>
<if>
<branch type="IF" condition="&quot;200&quot; in &quot;${response}&quot;">
<kw name="Set Variable" library="BuiltIn">
<var>${Result}</var>
<arg>Bearer ${response.json()}[token]</arg>
<doc>Returns the given values which can then be assigned to a variables.</doc>
<msg timestamp="20220329 10:00:36.982" level="INFO">${Result} = Bearer eyJhbGciOiJIUzI1NiIsInR5cCI6IkpXVCJ9.eyJpZCI6NjY4LCJpYXQiOjE2NDg1NTg4MzcsImV4cCI6MTY0OTQyMjgzN30.QQ9TzXNoFhfLmyMfrXPcua0OgJsjJjn0soT2p3XeWn0</msg>
<status status="PASS" starttime="20220329 10:00:36.981" endtime="20220329 10:00:36.982"/>
</kw>
<status status="PASS" starttime="20220329 10:00:36.981" endtime="20220329 10:00:36.982"/>
</branch>
<status status="PASS" starttime="20220329 10:00:36.981" endtime="20220329 10:00:36.982"/>
</if>
<msg timestamp="20220329 10:00:36.982" level="INFO">${token} = Bearer eyJhbGciOiJIUzI1NiIsInR5cCI6IkpXVCJ9.eyJpZCI6NjY4LCJpYXQiOjE2NDg1NTg4MzcsImV4cCI6MTY0OTQyMjgzN30.QQ9TzXNoFhfLmyMfrXPcua0OgJsjJjn0soT2p3XeWn0</msg>
<status status="PASS" starttime="20220329 10:00:36.464" endtime="20220329 10:00:36.982"/>
</kw>
<kw name="POST Geek" library="GeeksRoute">
<arg>${token}</arg>
<arg>${geek}[geek_profile]</arg>
<kw name="Create Dictionary" library="BuiltIn">
<var>${headers}</var>
<arg>Authorization=${token}</arg>
<doc>Creates and returns a dictionary based on the given ``items``.</doc>
<msg timestamp="20220329 10:00:36.983" level="INFO">${headers} = {'Authorization': 'Bearer eyJhbGciOiJIUzI1NiIsInR5cCI6IkpXVCJ9.eyJpZCI6NjY4LCJpYXQiOjE2NDg1NTg4MzcsImV4cCI6MTY0OTQyMjgzN30.QQ9TzXNoFhfLmyMfrXPcua0OgJsjJjn0soT2p3XeWn0'}</msg>
<status status="PASS" starttime="20220329 10:00:36.983" endtime="20220329 10:00:36.983"/>
</kw>
<kw name="POST" library="RequestsLibrary">
<var>${response}</var>
<arg>${API_GEEKS}/geeks</arg>
<arg>json=${payload}</arg>
<arg>headers=${headers}</arg>
<arg>expected_status=any</arg>
<doc>Sends a POST request.</doc>
<msg timestamp="20220329 10:00:37.678" level="INFO">POST Request : url=https://getgeeks-geeks-paula.herokuapp.com/geeks 
 path_url=/geeks 
 headers={'User-Agent': 'python-requests/2.26.0', 'Accept-Encoding': 'gzip, deflate', 'Accept': '*/*', 'Connection': 'keep-alive', 'Authorization': 'Bearer eyJhbGciOiJIUzI1NiIsInR5cCI6IkpXVCJ9.eyJpZCI6NjY4LCJpYXQiOjE2NDg1NTg4MzcsImV4cCI6MTY0OTQyMjgzN30.QQ9TzXNoFhfLmyMfrXPcua0OgJsjJjn0soT2p3XeWn0', 'Content-Length': '390', 'Content-Type': 'application/json'} 
 body=b'{"whatsapp": "11999999999", "desc": "Seu computador est\\u00e1 lento? Reiniciando do nada? Talvez seja um v\\u00edrus, ou algum hardware com defeito. Posso fazer a manuten\\u00e7\\u00e3o no seu PC, formando, reinstalando o SO, trocando algum componente f\\u00edsico e porque n\\u00e3o remover o baidu ou qualquer outro malware.", "printer_repair": "N\\u00e3o", "work": "Presencial", "cost": "100"}' 
 </msg>
<msg timestamp="20220329 10:00:37.679" level="INFO">POST Response : url=https://getgeeks-geeks-paula.herokuapp.com/geeks 
 status=201, reason=Created 
 headers={'Server': 'Cowboy', 'Connection': 'keep-alive', 'X-Powered-By': 'Express', 'Access-Control-Allow-Origin': '*', 'Date': 'Tue, 29 Mar 2022 13:00:38 GMT', 'Content-Length': '0', 'Via': '1.1 vegur'} 
 body=None 
 </msg>
<msg timestamp="20220329 10:00:37.679" level="INFO">${response} = &lt;Response [201]&gt;</msg>
<status status="PASS" starttime="20220329 10:00:36.983" endtime="20220329 10:00:37.679"/>
</kw>
<status status="PASS" starttime="20220329 10:00:36.982" endtime="20220329 10:00:37.679"/>
</kw>
<status status="PASS" starttime="20220329 10:00:35.810" endtime="20220329 10:00:37.680"/>
</iter>
<iter>
<var name="${geek}">{'name': 'Arnim Zola', 'email': 'zola@hidra.com', 'password': 'pwd123', 'geek_profile': {'whatsapp': '21999999999', 'desc': 'Instalo Distros Ubuntu, Debian, ElementaryOS, PopOS, Linux Mint, Kurumin, M...</var>
<kw name="POST User" library="UsersRoute">
<arg>${geek}</arg>
<kw name="POST" library="RequestsLibrary">
<var>${response}</var>
<arg>${API_URL}/users</arg>
<arg>json=${payload}</arg>
<arg>expected_status=any</arg>
<doc>Sends a POST request.</doc>
<msg timestamp="20220329 10:00:39.374" level="INFO">POST Request : url=https://getgeeks-users-paula.herokuapp.com/users 
 path_url=/users 
 headers={'User-Agent': 'python-requests/2.26.0', 'Accept-Encoding': 'gzip, deflate', 'Accept': '*/*', 'Connection': 'keep-alive', 'Content-Length': '445', 'Content-Type': 'application/json'} 
 body=b'{"name": "Arnim Zola", "email": "zola@hidra.com", "password": "pwd123", "geek_profile": {"whatsapp": "21999999999", "desc": "Instalo Distros Ubuntu, Debian, ElementaryOS, PopOS, Linux Mint, Kurumin, Mandrake, Connectiva, Fedora, RedHat, CentOS, Slackware, Gentoo, Archlinux, Kubuntu, Xubuntu, Suze, Mandriva, Edubuntu, KateOS, Sabayon Linux, Manjaro Linux, BigLinux, ZorinOS, Unit", "printer_repair": "N\\u00e3o", "work": "Ambos", "cost": "110"}}' 
 </msg>
<msg timestamp="20220329 10:00:39.374" level="INFO">POST Response : url=https://getgeeks-users-paula.herokuapp.com/users 
 status=201, reason=Created 
 headers={'Server': 'Cowboy', 'Connection': 'keep-alive', 'X-Powered-By': 'Express', 'Access-Control-Allow-Origin': '*', 'Content-Type': 'application/json; charset=utf-8', 'Content-Length': '10', 'Etag': 'W/"a-xxBgWA3fo4Etc1UfqJgl9YNU9cc"', 'Date': 'Tue, 29 Mar 2022 13:00:39 GMT', 'Via': '1.1 vegur'} 
 body={"id":669} 
 </msg>
<msg timestamp="20220329 10:00:39.375" level="INFO">${response} = &lt;Response [201]&gt;</msg>
<status status="PASS" starttime="20220329 10:00:37.681" endtime="20220329 10:00:39.375"/>
</kw>
<status status="PASS" starttime="20220329 10:00:37.680" endtime="20220329 10:00:39.375"/>
</kw>
<kw name="Get token" library="Helpers">
<var>${token}</var>
<arg>${geek}</arg>
<kw name="Create Dictionary" library="BuiltIn">
<var>${payload}</var>
<arg>email=${user}[email]</arg>
<arg>password=${user}[password]</arg>
<doc>Creates and returns a dictionary based on the given ``items``.</doc>
<msg timestamp="20220329 10:00:39.377" level="INFO">${payload} = {'email': 'zola@hidra.com', 'password': 'pwd123'}</msg>
<status status="PASS" starttime="20220329 10:00:39.377" endtime="20220329 10:00:39.377"/>
</kw>
<kw name="POST session" library="SessionsRoute">
<var>${response}</var>
<arg>${payload}</arg>
<kw name="POST" library="RequestsLibrary">
<var>${response}</var>
<arg>${API_URL}/sessions</arg>
<arg>json=${payload}</arg>
<arg>expected_status=any</arg>
<doc>Sends a POST request.</doc>
<msg timestamp="20220329 10:00:40.820" level="INFO">POST Request : url=https://getgeeks-users-paula.herokuapp.com/sessions 
 path_url=/sessions 
 headers={'User-Agent': 'python-requests/2.26.0', 'Accept-Encoding': 'gzip, deflate', 'Accept': '*/*', 'Connection': 'keep-alive', 'Content-Length': '49', 'Content-Type': 'application/json'} 
 body=b'{"email": "zola@hidra.com", "password": "pwd123"}' 
 </msg>
<msg timestamp="20220329 10:00:40.820" level="INFO">POST Response : url=https://getgeeks-users-paula.herokuapp.com/sessions 
 status=200, reason=OK 
 headers={'Server': 'Cowboy', 'Connection': 'keep-alive', 'X-Powered-By': 'Express', 'Access-Control-Allow-Origin': '*', 'Content-Type': 'application/json; charset=utf-8', 'Content-Length': '359', 'Etag': 'W/"167-eq+1tSChDIWYRd2JGKBRJQlS6sQ"', 'Date': 'Tue, 29 Mar 2022 13:00:40 GMT', 'Via': '1.1 vegur'} 
 body={"user":{"id":669,"email":"zola@hidra.com","password_hash":"$2b$08$z3K.QeJJ.WY1Ev942IAJZu3cBefvzHNZMRLsUgew.DTBIFhc.7a86","name":"Arnim Zola","avatar":null,"whatsapp":null,"is_geek":false},"token":"eyJhbGciOiJIUzI1NiIsInR5cCI6IkpXVCJ9.eyJpZCI6NjY5LCJpYXQiOjE2NDg1NTg4NDAsImV4cCI6MTY0OTQyMjg0MH0.3kz3xkwUNcAO1h_qoUx6EEDh8c6UUaJ4T6MTdvqQL3s","expires_in":"10d"} 
 </msg>
<msg timestamp="20220329 10:00:40.820" level="INFO">${response} = &lt;Response [200]&gt;</msg>
<status status="PASS" starttime="20220329 10:00:39.377" endtime="20220329 10:00:40.820"/>
</kw>
<msg timestamp="20220329 10:00:40.820" level="INFO">${response} = &lt;Response [200]&gt;</msg>
<status status="PASS" starttime="20220329 10:00:39.377" endtime="20220329 10:00:40.821"/>
</kw>
<kw name="Set Variable" library="BuiltIn">
<var>${Result}</var>
<arg>${EMPTY}</arg>
<doc>Returns the given values which can then be assigned to a variables.</doc>
<msg timestamp="20220329 10:00:40.821" level="INFO">${Result} = </msg>
<status status="PASS" starttime="20220329 10:00:40.821" endtime="20220329 10:00:40.821"/>
</kw>
<if>
<branch type="IF" condition="&quot;200&quot; in &quot;${response}&quot;">
<kw name="Set Variable" library="BuiltIn">
<var>${Result}</var>
<arg>Bearer ${response.json()}[token]</arg>
<doc>Returns the given values which can then be assigned to a variables.</doc>
<msg timestamp="20220329 10:00:40.821" level="INFO">${Result} = Bearer eyJhbGciOiJIUzI1NiIsInR5cCI6IkpXVCJ9.eyJpZCI6NjY5LCJpYXQiOjE2NDg1NTg4NDAsImV4cCI6MTY0OTQyMjg0MH0.3kz3xkwUNcAO1h_qoUx6EEDh8c6UUaJ4T6MTdvqQL3s</msg>
<status status="PASS" starttime="20220329 10:00:40.821" endtime="20220329 10:00:40.821"/>
</kw>
<status status="PASS" starttime="20220329 10:00:40.821" endtime="20220329 10:00:40.821"/>
</branch>
<status status="PASS" starttime="20220329 10:00:40.821" endtime="20220329 10:00:40.821"/>
</if>
<msg timestamp="20220329 10:00:40.822" level="INFO">${token} = Bearer eyJhbGciOiJIUzI1NiIsInR5cCI6IkpXVCJ9.eyJpZCI6NjY5LCJpYXQiOjE2NDg1NTg4NDAsImV4cCI6MTY0OTQyMjg0MH0.3kz3xkwUNcAO1h_qoUx6EEDh8c6UUaJ4T6MTdvqQL3s</msg>
<status status="PASS" starttime="20220329 10:00:39.375" endtime="20220329 10:00:40.822"/>
</kw>
<kw name="POST Geek" library="GeeksRoute">
<arg>${token}</arg>
<arg>${geek}[geek_profile]</arg>
<kw name="Create Dictionary" library="BuiltIn">
<var>${headers}</var>
<arg>Authorization=${token}</arg>
<doc>Creates and returns a dictionary based on the given ``items``.</doc>
<msg timestamp="20220329 10:00:40.822" level="INFO">${headers} = {'Authorization': 'Bearer eyJhbGciOiJIUzI1NiIsInR5cCI6IkpXVCJ9.eyJpZCI6NjY5LCJpYXQiOjE2NDg1NTg4NDAsImV4cCI6MTY0OTQyMjg0MH0.3kz3xkwUNcAO1h_qoUx6EEDh8c6UUaJ4T6MTdvqQL3s'}</msg>
<status status="PASS" starttime="20220329 10:00:40.822" endtime="20220329 10:00:40.823"/>
</kw>
<kw name="POST" library="RequestsLibrary">
<var>${response}</var>
<arg>${API_GEEKS}/geeks</arg>
<arg>json=${payload}</arg>
<arg>headers=${headers}</arg>
<arg>expected_status=any</arg>
<doc>Sends a POST request.</doc>
<msg timestamp="20220329 10:00:41.813" level="INFO">POST Request : url=https://getgeeks-geeks-paula.herokuapp.com/geeks 
 path_url=/geeks 
 headers={'User-Agent': 'python-requests/2.26.0', 'Accept-Encoding': 'gzip, deflate', 'Accept': '*/*', 'Connection': 'keep-alive', 'Authorization': 'Bearer eyJhbGciOiJIUzI1NiIsInR5cCI6IkpXVCJ9.eyJpZCI6NjY5LCJpYXQiOjE2NDg1NTg4NDAsImV4cCI6MTY0OTQyMjg0MH0.3kz3xkwUNcAO1h_qoUx6EEDh8c6UUaJ4T6MTdvqQL3s', 'Content-Length': '356', 'Content-Type': 'application/json'} 
 body=b'{"whatsapp": "21999999999", "desc": "Instalo Distros Ubuntu, Debian, ElementaryOS, PopOS, Linux Mint, Kurumin, Mandrake, Connectiva, Fedora, RedHat, CentOS, Slackware, Gentoo, Archlinux, Kubuntu, Xubuntu, Suze, Mandriva, Edubuntu, KateOS, Sabayon Linux, Manjaro Linux, BigLinux, ZorinOS, Unit", "printer_repair": "N\\u00e3o", "work": "Ambos", "cost": "110"}' 
 </msg>
<msg timestamp="20220329 10:00:41.813" level="INFO">POST Response : url=https://getgeeks-geeks-paula.herokuapp.com/geeks 
 status=201, reason=Created 
 headers={'Server': 'Cowboy', 'Connection': 'keep-alive', 'X-Powered-By': 'Express', 'Access-Control-Allow-Origin': '*', 'Date': 'Tue, 29 Mar 2022 13:00:42 GMT', 'Content-Length': '0', 'Via': '1.1 vegur'} 
 body=None 
 </msg>
<msg timestamp="20220329 10:00:41.813" level="INFO">${response} = &lt;Response [201]&gt;</msg>
<status status="PASS" starttime="20220329 10:00:40.823" endtime="20220329 10:00:41.814"/>
</kw>
<status status="PASS" starttime="20220329 10:00:40.822" endtime="20220329 10:00:41.814"/>
</kw>
<status status="PASS" starttime="20220329 10:00:37.680" endtime="20220329 10:00:41.814"/>
</iter>
<iter>
<var name="${geek}">{'name': 'Reed Richards', 'email': 'reed@fantastic4.com', 'password': 'pwd123', 'geek_profile': {'whatsapp': '31999999999', 'desc': 'Instalado e faço manutenção em qualquer tipo de impressora, matrici...</var>
<kw name="POST User" library="UsersRoute">
<arg>${geek}</arg>
<kw name="POST" library="RequestsLibrary">
<var>${response}</var>
<arg>${API_URL}/users</arg>
<arg>json=${payload}</arg>
<arg>expected_status=any</arg>
<doc>Sends a POST request.</doc>
<msg timestamp="20220329 10:00:43.396" level="INFO">POST Request : url=https://getgeeks-users-paula.herokuapp.com/users 
 path_url=/users 
 headers={'User-Agent': 'python-requests/2.26.0', 'Accept-Encoding': 'gzip, deflate', 'Accept': '*/*', 'Connection': 'keep-alive', 'Content-Length': '415', 'Content-Type': 'application/json'} 
 body=b'{"name": "Reed Richards", "email": "reed@fantastic4.com", "password": "pwd123", "geek_profile": {"whatsapp": "31999999999", "desc": "Instalado e fa\\u00e7o manuten\\u00e7\\u00e3o em qualquer tipo de impressora, matricial padr\\u00e3o, matricial fiscal, a jato, a cera, a laser e at\\u00e9 3D. Tamb\\u00e9m fa\\u00e7o remold de fitas coloridas para Epson LX300. ", "printer_repair": "Sim", "work": "Remoto", "cost": "120"}}' 
 </msg>
<msg timestamp="20220329 10:00:43.397" level="INFO">POST Response : url=https://getgeeks-users-paula.herokuapp.com/users 
 status=201, reason=Created 
 headers={'Server': 'Cowboy', 'Connection': 'keep-alive', 'X-Powered-By': 'Express', 'Access-Control-Allow-Origin': '*', 'Content-Type': 'application/json; charset=utf-8', 'Content-Length': '10', 'Etag': 'W/"a-NbezkIsRXspxxqQ7mSXrUgu/kLI"', 'Date': 'Tue, 29 Mar 2022 13:00:43 GMT', 'Via': '1.1 vegur'} 
 body={"id":670} 
 </msg>
<msg timestamp="20220329 10:00:43.398" level="INFO">${response} = &lt;Response [201]&gt;</msg>
<status status="PASS" starttime="20220329 10:00:41.814" endtime="20220329 10:00:43.399"/>
</kw>
<status status="PASS" starttime="20220329 10:00:41.814" endtime="20220329 10:00:43.400"/>
</kw>
<kw name="Get token" library="Helpers">
<var>${token}</var>
<arg>${geek}</arg>
<kw name="Create Dictionary" library="BuiltIn">
<var>${payload}</var>
<arg>email=${user}[email]</arg>
<arg>password=${user}[password]</arg>
<doc>Creates and returns a dictionary based on the given ``items``.</doc>
<msg timestamp="20220329 10:00:43.405" level="INFO">${payload} = {'email': 'reed@fantastic4.com', 'password': 'pwd123'}</msg>
<status status="PASS" starttime="20220329 10:00:43.403" endtime="20220329 10:00:43.406"/>
</kw>
<kw name="POST session" library="SessionsRoute">
<var>${response}</var>
<arg>${payload}</arg>
<kw name="POST" library="RequestsLibrary">
<var>${response}</var>
<arg>${API_URL}/sessions</arg>
<arg>json=${payload}</arg>
<arg>expected_status=any</arg>
<doc>Sends a POST request.</doc>
<msg timestamp="20220329 10:00:44.304" level="INFO">POST Request : url=https://getgeeks-users-paula.herokuapp.com/sessions 
 path_url=/sessions 
 headers={'User-Agent': 'python-requests/2.26.0', 'Accept-Encoding': 'gzip, deflate', 'Accept': '*/*', 'Connection': 'keep-alive', 'Content-Length': '54', 'Content-Type': 'application/json'} 
 body=b'{"email": "reed@fantastic4.com", "password": "pwd123"}' 
 </msg>
<msg timestamp="20220329 10:00:44.306" level="INFO">POST Response : url=https://getgeeks-users-paula.herokuapp.com/sessions 
 status=200, reason=OK 
 headers={'Server': 'Cowboy', 'Connection': 'keep-alive', 'X-Powered-By': 'Express', 'Access-Control-Allow-Origin': '*', 'Content-Type': 'application/json; charset=utf-8', 'Content-Length': '367', 'Etag': 'W/"16f-tJ9nWxWxC13vPiJStJ2fRQRdI7w"', 'Date': 'Tue, 29 Mar 2022 13:00:44 GMT', 'Via': '1.1 vegur'} 
 body={"user":{"id":670,"email":"reed@fantastic4.com","password_hash":"$2b$08$ZRyQJ2se/0Qx8R8mB8q9dueZODMDjtSFtvMlE1FCAbLaDbcsYAOwG","name":"Reed Richards","avatar":null,"whatsapp":null,"is_geek":false},"token":"eyJhbGciOiJIUzI1NiIsInR5cCI6IkpXVCJ9.eyJpZCI6NjcwLCJpYXQiOjE2NDg1NTg4NDQsImV4cCI6MTY0OTQyMjg0NH0.FET4ITABA4T3QsE4s0Tsct2Ph_tOkc---ZbvMNncUQs","expires_in":"10d"} 
 </msg>
<msg timestamp="20220329 10:00:44.306" level="INFO">${response} = &lt;Response [200]&gt;</msg>
<status status="PASS" starttime="20220329 10:00:43.407" endtime="20220329 10:00:44.306"/>
</kw>
<msg timestamp="20220329 10:00:44.307" level="INFO">${response} = &lt;Response [200]&gt;</msg>
<status status="PASS" starttime="20220329 10:00:43.406" endtime="20220329 10:00:44.308"/>
</kw>
<kw name="Set Variable" library="BuiltIn">
<var>${Result}</var>
<arg>${EMPTY}</arg>
<doc>Returns the given values which can then be assigned to a variables.</doc>
<msg timestamp="20220329 10:00:44.309" level="INFO">${Result} = </msg>
<status status="PASS" starttime="20220329 10:00:44.308" endtime="20220329 10:00:44.309"/>
</kw>
<if>
<branch type="IF" condition="&quot;200&quot; in &quot;${response}&quot;">
<kw name="Set Variable" library="BuiltIn">
<var>${Result}</var>
<arg>Bearer ${response.json()}[token]</arg>
<doc>Returns the given values which can then be assigned to a variables.</doc>
<msg timestamp="20220329 10:00:44.310" level="INFO">${Result} = Bearer eyJhbGciOiJIUzI1NiIsInR5cCI6IkpXVCJ9.eyJpZCI6NjcwLCJpYXQiOjE2NDg1NTg4NDQsImV4cCI6MTY0OTQyMjg0NH0.FET4ITABA4T3QsE4s0Tsct2Ph_tOkc---ZbvMNncUQs</msg>
<status status="PASS" starttime="20220329 10:00:44.309" endtime="20220329 10:00:44.310"/>
</kw>
<status status="PASS" starttime="20220329 10:00:44.309" endtime="20220329 10:00:44.310"/>
</branch>
<status status="PASS" starttime="20220329 10:00:44.309" endtime="20220329 10:00:44.310"/>
</if>
<msg timestamp="20220329 10:00:44.310" level="INFO">${token} = Bearer eyJhbGciOiJIUzI1NiIsInR5cCI6IkpXVCJ9.eyJpZCI6NjcwLCJpYXQiOjE2NDg1NTg4NDQsImV4cCI6MTY0OTQyMjg0NH0.FET4ITABA4T3QsE4s0Tsct2Ph_tOkc---ZbvMNncUQs</msg>
<status status="PASS" starttime="20220329 10:00:43.401" endtime="20220329 10:00:44.310"/>
</kw>
<kw name="POST Geek" library="GeeksRoute">
<arg>${token}</arg>
<arg>${geek}[geek_profile]</arg>
<kw name="Create Dictionary" library="BuiltIn">
<var>${headers}</var>
<arg>Authorization=${token}</arg>
<doc>Creates and returns a dictionary based on the given ``items``.</doc>
<msg timestamp="20220329 10:00:44.311" level="INFO">${headers} = {'Authorization': 'Bearer eyJhbGciOiJIUzI1NiIsInR5cCI6IkpXVCJ9.eyJpZCI6NjcwLCJpYXQiOjE2NDg1NTg4NDQsImV4cCI6MTY0OTQyMjg0NH0.FET4ITABA4T3QsE4s0Tsct2Ph_tOkc---ZbvMNncUQs'}</msg>
<status status="PASS" starttime="20220329 10:00:44.310" endtime="20220329 10:00:44.311"/>
</kw>
<kw name="POST" library="RequestsLibrary">
<var>${response}</var>
<arg>${API_GEEKS}/geeks</arg>
<arg>json=${payload}</arg>
<arg>headers=${headers}</arg>
<arg>expected_status=any</arg>
<doc>Sends a POST request.</doc>
<msg timestamp="20220329 10:00:45.257" level="INFO">POST Request : url=https://getgeeks-geeks-paula.herokuapp.com/geeks 
 path_url=/geeks 
 headers={'User-Agent': 'python-requests/2.26.0', 'Accept-Encoding': 'gzip, deflate', 'Accept': '*/*', 'Connection': 'keep-alive', 'Authorization': 'Bearer eyJhbGciOiJIUzI1NiIsInR5cCI6IkpXVCJ9.eyJpZCI6NjcwLCJpYXQiOjE2NDg1NTg4NDQsImV4cCI6MTY0OTQyMjg0NH0.FET4ITABA4T3QsE4s0Tsct2Ph_tOkc---ZbvMNncUQs', 'Content-Length': '318', 'Content-Type': 'application/json'} 
 body=b'{"whatsapp": "31999999999", "desc": "Instalado e fa\\u00e7o manuten\\u00e7\\u00e3o em qualquer tipo de impressora, matricial padr\\u00e3o, matricial fiscal, a jato, a cera, a laser e at\\u00e9 3D. Tamb\\u00e9m fa\\u00e7o remold de fitas coloridas para Epson LX300. ", "printer_repair": "Sim", "work": "Remoto", "cost": "120"}' 
 </msg>
<msg timestamp="20220329 10:00:45.258" level="INFO">POST Response : url=https://getgeeks-geeks-paula.herokuapp.com/geeks 
 status=201, reason=Created 
 headers={'Server': 'Cowboy', 'Connection': 'keep-alive', 'X-Powered-By': 'Express', 'Access-Control-Allow-Origin': '*', 'Date': 'Tue, 29 Mar 2022 13:00:45 GMT', 'Content-Length': '0', 'Via': '1.1 vegur'} 
 body=None 
 </msg>
<msg timestamp="20220329 10:00:45.259" level="INFO">${response} = &lt;Response [201]&gt;</msg>
<status status="PASS" starttime="20220329 10:00:44.311" endtime="20220329 10:00:45.259"/>
</kw>
<status status="PASS" starttime="20220329 10:00:44.310" endtime="20220329 10:00:45.260"/>
</kw>
<status status="PASS" starttime="20220329 10:00:41.814" endtime="20220329 10:00:45.260"/>
</iter>
<status status="PASS" starttime="20220329 10:00:35.809" endtime="20220329 10:00:45.261"/>
</for>
<kw name="POST User" library="UsersRoute">
<arg>${data}[user]</arg>
<kw name="POST" library="RequestsLibrary">
<var>${response}</var>
<arg>${API_URL}/users</arg>
<arg>json=${payload}</arg>
<arg>expected_status=any</arg>
<doc>Sends a POST request.</doc>
<msg timestamp="20220329 10:00:46.006" level="INFO">POST Request : url=https://getgeeks-users-paula.herokuapp.com/users 
 path_url=/users 
 headers={'User-Agent': 'python-requests/2.26.0', 'Accept-Encoding': 'gzip, deflate', 'Accept': '*/*', 'Connection': 'keep-alive', 'Content-Length': '74', 'Content-Type': 'application/json'} 
 body=b'{"name": "Peter Quill", "email": "quill@marvel.com", "password": "pwd123"}' 
 </msg>
<msg timestamp="20220329 10:00:46.006" level="INFO">POST Response : url=https://getgeeks-users-paula.herokuapp.com/users 
 status=201, reason=Created 
 headers={'Server': 'Cowboy', 'Connection': 'keep-alive', 'X-Powered-By': 'Express', 'Access-Control-Allow-Origin': '*', 'Content-Type': 'application/json; charset=utf-8', 'Content-Length': '10', 'Etag': 'W/"a-mj5FyhI80O1Cc98RFA7je5Ya6wI"', 'Date': 'Tue, 29 Mar 2022 13:00:46 GMT', 'Via': '1.1 vegur'} 
 body={"id":671} 
 </msg>
<msg timestamp="20220329 10:00:46.007" level="INFO">${response} = &lt;Response [201]&gt;</msg>
<status status="PASS" starttime="20220329 10:00:45.266" endtime="20220329 10:00:46.007"/>
</kw>
<status status="PASS" starttime="20220329 10:00:45.263" endtime="20220329 10:00:46.007"/>
</kw>
<kw name="Get token" library="Helpers">
<var>${token}</var>
<arg>${data}[user]</arg>
<kw name="Create Dictionary" library="BuiltIn">
<var>${payload}</var>
<arg>email=${user}[email]</arg>
<arg>password=${user}[password]</arg>
<doc>Creates and returns a dictionary based on the given ``items``.</doc>
<msg timestamp="20220329 10:00:46.009" level="INFO">${payload} = {'email': 'quill@marvel.com', 'password': 'pwd123'}</msg>
<status status="PASS" starttime="20220329 10:00:46.008" endtime="20220329 10:00:46.009"/>
</kw>
<kw name="POST session" library="SessionsRoute">
<var>${response}</var>
<arg>${payload}</arg>
<kw name="POST" library="RequestsLibrary">
<var>${response}</var>
<arg>${API_URL}/sessions</arg>
<arg>json=${payload}</arg>
<arg>expected_status=any</arg>
<doc>Sends a POST request.</doc>
<msg timestamp="20220329 10:00:46.659" level="INFO">POST Request : url=https://getgeeks-users-paula.herokuapp.com/sessions 
 path_url=/sessions 
 headers={'User-Agent': 'python-requests/2.26.0', 'Accept-Encoding': 'gzip, deflate', 'Accept': '*/*', 'Connection': 'keep-alive', 'Content-Length': '51', 'Content-Type': 'application/json'} 
 body=b'{"email": "quill@marvel.com", "password": "pwd123"}' 
 </msg>
<msg timestamp="20220329 10:00:46.660" level="INFO">POST Response : url=https://getgeeks-users-paula.herokuapp.com/sessions 
 status=200, reason=OK 
 headers={'Server': 'Cowboy', 'Connection': 'keep-alive', 'X-Powered-By': 'Express', 'Access-Control-Allow-Origin': '*', 'Content-Type': 'application/json; charset=utf-8', 'Content-Length': '362', 'Etag': 'W/"16a-V+3mgurjp5SVAxEpe00cwLoU9dE"', 'Date': 'Tue, 29 Mar 2022 13:00:47 GMT', 'Via': '1.1 vegur'} 
 body={"user":{"id":671,"email":"quill@marvel.com","password_hash":"$2b$08$pdYbEaOV5A7VciSuY9q5yumvKfw1nwU3K.waXCHLD2Uz3twKTmz.S","name":"Peter Quill","avatar":null,"whatsapp":null,"is_geek":false},"token":"eyJhbGciOiJIUzI1NiIsInR5cCI6IkpXVCJ9.eyJpZCI6NjcxLCJpYXQiOjE2NDg1NTg4NDcsImV4cCI6MTY0OTQyMjg0N30.jbyIEHYFbwF2aJj2js1sbng-LLJJqaG8PlctSSHj758","expires_in":"10d"} 
 </msg>
<msg timestamp="20220329 10:00:46.660" level="INFO">${response} = &lt;Response [200]&gt;</msg>
<status status="PASS" starttime="20220329 10:00:46.009" endtime="20220329 10:00:46.660"/>
</kw>
<msg timestamp="20220329 10:00:46.660" level="INFO">${response} = &lt;Response [200]&gt;</msg>
<status status="PASS" starttime="20220329 10:00:46.009" endtime="20220329 10:00:46.660"/>
</kw>
<kw name="Set Variable" library="BuiltIn">
<var>${Result}</var>
<arg>${EMPTY}</arg>
<doc>Returns the given values which can then be assigned to a variables.</doc>
<msg timestamp="20220329 10:00:46.661" level="INFO">${Result} = </msg>
<status status="PASS" starttime="20220329 10:00:46.660" endtime="20220329 10:00:46.661"/>
</kw>
<if>
<branch type="IF" condition="&quot;200&quot; in &quot;${response}&quot;">
<kw name="Set Variable" library="BuiltIn">
<var>${Result}</var>
<arg>Bearer ${response.json()}[token]</arg>
<doc>Returns the given values which can then be assigned to a variables.</doc>
<msg timestamp="20220329 10:00:46.663" level="INFO">${Result} = Bearer eyJhbGciOiJIUzI1NiIsInR5cCI6IkpXVCJ9.eyJpZCI6NjcxLCJpYXQiOjE2NDg1NTg4NDcsImV4cCI6MTY0OTQyMjg0N30.jbyIEHYFbwF2aJj2js1sbng-LLJJqaG8PlctSSHj758</msg>
<status status="PASS" starttime="20220329 10:00:46.662" endtime="20220329 10:00:46.663"/>
</kw>
<status status="PASS" starttime="20220329 10:00:46.661" endtime="20220329 10:00:46.663"/>
</branch>
<status status="PASS" starttime="20220329 10:00:46.661" endtime="20220329 10:00:46.663"/>
</if>
<msg timestamp="20220329 10:00:46.663" level="INFO">${token} = Bearer eyJhbGciOiJIUzI1NiIsInR5cCI6IkpXVCJ9.eyJpZCI6NjcxLCJpYXQiOjE2NDg1NTg4NDcsImV4cCI6MTY0OTQyMjg0N30.jbyIEHYFbwF2aJj2js1sbng-LLJJqaG8PlctSSHj758</msg>
<status status="PASS" starttime="20220329 10:00:46.008" endtime="20220329 10:00:46.663"/>
</kw>
<kw name="GET Geeks" library="GeeksRoute">
<var>${response}</var>
<arg>${token}</arg>
<kw name="Create Dictionary" library="BuiltIn">
<var>${headers}</var>
<arg>Authorization=${token}</arg>
<doc>Creates and returns a dictionary based on the given ``items``.</doc>
<msg timestamp="20220329 10:00:46.665" level="INFO">${headers} = {'Authorization': 'Bearer eyJhbGciOiJIUzI1NiIsInR5cCI6IkpXVCJ9.eyJpZCI6NjcxLCJpYXQiOjE2NDg1NTg4NDcsImV4cCI6MTY0OTQyMjg0N30.jbyIEHYFbwF2aJj2js1sbng-LLJJqaG8PlctSSHj758'}</msg>
<status status="PASS" starttime="20220329 10:00:46.665" endtime="20220329 10:00:46.665"/>
</kw>
<kw name="GET" library="RequestsLibrary">
<var>${response}</var>
<arg>${API_GEEKS}/geeks</arg>
<arg>headers=${headers}</arg>
<arg>expected_status=any</arg>
<doc>Sends a GET request.</doc>
<msg timestamp="20220329 10:00:47.168" level="INFO">GET Request : url=https://getgeeks-geeks-paula.herokuapp.com/geeks 
 path_url=/geeks 
 headers={'User-Agent': 'python-requests/2.26.0', 'Accept-Encoding': 'gzip, deflate', 'Accept': '*/*', 'Connection': 'keep-alive', 'Authorization': 'Bearer eyJhbGciOiJIUzI1NiIsInR5cCI6IkpXVCJ9.eyJpZCI6NjcxLCJpYXQiOjE2NDg1NTg4NDcsImV4cCI6MTY0OTQyMjg0N30.jbyIEHYFbwF2aJj2js1sbng-LLJJqaG8PlctSSHj758'} 
 body=None 
 </msg>
<msg timestamp="20220329 10:00:47.169" level="INFO">GET Response : url=https://getgeeks-geeks-paula.herokuapp.com/geeks 
 status=200, reason=OK 
 headers={'Server': 'Cowboy', 'Connection': 'keep-alive', 'X-Powered-By': 'Express', 'Access-Control-Allow-Origin': '*', 'Content-Type': 'application/json; charset=utf-8', 'Content-Length': '2097', 'Etag': 'W/"831-1YlKD7mip0AYKebpRGo9dEU09N0"', 'Date': 'Tue, 29 Mar 2022 13:00:47 GMT', 'Via': '1.1 vegur'} 
 body={"Geeks":[{"id":667,"desc":"Seu computador está lento? Reiniciando do nada? Talvez seja um vírus, ou algum hardware com defeito. Posso fazer a manutenção no seu PC, formando, reinstalando o SO, trocando algum componente físico e porque não remover o baidu ou qualquer outro malware.","printer_repair":"Sim","work":"Presencial","cost":"150.99","user_id":667,"email":"paulinha@automacao.com.br","password_hash":"$2b$08$S30qEHj7nLRxA51nT664Qu5j.kTZVlatQjUbhIJAJN.yKJJzTXNuq","name":"Onofre Paula","avatar":null,"whatsapp":"11999999999","is_geek":true},{"id":668,"desc":"Seu computador está lento? Reiniciando do nada? Talvez seja um vírus, ou algum hardware com defeito. Posso fazer a manutenção no seu PC, formando, reinstalando o SO, trocando algum componente físico e porque não remover o baidu ou qualquer outro malware.","printer_repair":"Não","work":"Presencial","cost":"100.00","user_id":668,"email":"riri@marvel.com","password_hash":"$2b$08$hfTpF3ZIxJYz2828/Gg6qe8YEKZZ.KHrqRC4o30QSvCeJmu5KJOXq","name":"Riri Willians","avatar":null,"whatsapp":"11999999999","is_geek":true},{"id":669,"desc":"Instalo Distros Ubuntu, Debian, ElementaryOS, PopOS, Linux Mint, Kurumin, Mandrake, Connectiva, Fedora, RedHat, CentOS, Slackware, Gentoo, Archlinux, Kubuntu, Xubuntu, Suze, Mandriva, Edubuntu, KateOS, Sabayon Linux, Manjaro Linux, BigLinux, ZorinOS, Unit","printer_repair":"Não","work":"Ambos","cost":"110.00","user_id":669,"email":"zola@hidra.com","password_hash":"$2b$08$z3K.QeJJ.WY1Ev942IAJZu3cBefvzHNZMRLsUgew.DTBIFhc.7a86","name":"Arnim Zola","avatar":null,"whatsapp":"21999999999","is_geek":true},{"id":670,"desc":"Instalado e faço manutenção em qualquer tipo de impressora, matricial padrão, matricial fiscal, a jato, a cera, a laser e até 3D. Também faço remold de fitas coloridas para Epson LX300. ","printer_repair":"Sim","work":"Remoto","cost":"120.00","user_id":670,"email":"reed@fantastic4.com","password_hash":"$2b$08$ZRyQJ2se/0Qx8R8mB8q9dueZODMDjtSFtvMlE1FCAbLaDbcsYAOwG","name":"Reed Richards","avatar":null,"whatsapp":"31999999999","is_geek":true}],"Count":"4"} 
 </msg>
<msg timestamp="20220329 10:00:47.169" level="INFO">${response} = &lt;Response [200]&gt;</msg>
<status status="PASS" starttime="20220329 10:00:46.666" endtime="20220329 10:00:47.169"/>
</kw>
<msg timestamp="20220329 10:00:47.169" level="INFO">${response} = &lt;Response [200]&gt;</msg>
<status status="PASS" starttime="20220329 10:00:46.664" endtime="20220329 10:00:47.169"/>
</kw>
<kw name="Status Should Be" library="RequestsLibrary">
<arg>200</arg>
<arg>${response}</arg>
<doc>Fails if response status code is different than the expected.</doc>
<status status="PASS" starttime="20220329 10:00:47.170" endtime="20220329 10:00:47.171"/>
</kw>
<kw name="Get Length" library="BuiltIn">
<var>${total}</var>
<arg>${response.json()}[Geeks]</arg>
<doc>Returns and logs the length of the given item as an integer.</doc>
<msg timestamp="20220329 10:00:47.174" level="INFO">Length is 4</msg>
<msg timestamp="20220329 10:00:47.174" level="INFO">${total} = 4</msg>
<status status="PASS" starttime="20220329 10:00:47.172" endtime="20220329 10:00:47.174"/>
</kw>
<kw name="Should Be True" library="BuiltIn">
<arg>${total} &gt; 0</arg>
<doc>Fails if the given condition is not true.</doc>
<status status="PASS" starttime="20220329 10:00:47.175" endtime="20220329 10:00:47.176"/>
</kw>
<tag>temp</tag>
<status status="PASS" starttime="20220329 10:00:35.808" endtime="20220329 10:00:47.176"/>
</test>
<doc>Geek route test suite</doc>
<status status="PASS" starttime="20220329 10:00:31.382" endtime="20220329 10:00:47.179"/>
</suite>
<suite id="s1-s2" name="SessionporTemplate" source="D:\qafullstack\PROJETO FINAL\backend\users\testes\SessionporTemplate.robot">
<test id="s1-s2-t1" name="Usuário sessão INVÁLIDO">
<kw name="Tentativa de usuário que não gera token">
<arg>${inv_pass}</arg>
<arg>401</arg>
<arg>Unauthorized</arg>
<kw name="POST session" library="SessionsRoute">
<var>${response}</var>
<arg>${payload}</arg>
<kw name="POST" library="RequestsLibrary">
<var>${response}</var>
<arg>${API_URL}/sessions</arg>
<arg>json=${payload}</arg>
<arg>expected_status=any</arg>
<doc>Sends a POST request.</doc>
<msg timestamp="20220329 10:00:47.848" level="INFO">POST Request : url=https://getgeeks-users-paula.herokuapp.com/sessions 
 path_url=/sessions 
 headers={'User-Agent': 'python-requests/2.26.0', 'Accept-Encoding': 'gzip, deflate', 'Accept': '*/*', 'Connection': 'keep-alive', 'Content-Length': '59', 'Content-Type': 'application/json'} 
 body=b'{"email": "paulinha.jampa@gmail.com", "password": "abc123"}' 
 </msg>
<msg timestamp="20220329 10:00:47.848" level="INFO">POST Response : url=https://getgeeks-users-paula.herokuapp.com/sessions 
 status=401, reason=Unauthorized 
 headers={'Server': 'Cowboy', 'Connection': 'keep-alive', 'X-Powered-By': 'Express', 'Access-Control-Allow-Origin': '*', 'Content-Type': 'application/json; charset=utf-8', 'Content-Length': '24', 'Etag': 'W/"18-XPDV80vbMk4yY1/PADG4jYM4rSI"', 'Date': 'Tue, 29 Mar 2022 13:00:48 GMT', 'Via': '1.1 vegur'} 
 body={"error":"Unauthorized"} 
 </msg>
<msg timestamp="20220329 10:00:47.848" level="INFO">${response} = &lt;Response [401]&gt;</msg>
<status status="PASS" starttime="20220329 10:00:47.204" endtime="20220329 10:00:47.848"/>
</kw>
<msg timestamp="20220329 10:00:47.848" level="INFO">${response} = &lt;Response [401]&gt;</msg>
<status status="PASS" starttime="20220329 10:00:47.203" endtime="20220329 10:00:47.848"/>
</kw>
<kw name="Status Should Be" library="RequestsLibrary">
<arg>${status_code}</arg>
<arg>${response}</arg>
<doc>Fails if response status code is different than the expected.</doc>
<status status="PASS" starttime="20220329 10:00:47.848" endtime="20220329 10:00:47.849"/>
</kw>
<kw name="Should Be Equal" library="BuiltIn">
<arg>${error_message}</arg>
<arg>${response.json()}[error]</arg>
<doc>Fails if the given objects are unequal.</doc>
<status status="PASS" starttime="20220329 10:00:47.849" endtime="20220329 10:00:47.850"/>
</kw>
<status status="PASS" starttime="20220329 10:00:47.202" endtime="20220329 10:00:47.850"/>
</kw>
<kw name="Tentativa de usuário que não gera token">
<arg>${inv_email}</arg>
<arg>400</arg>
<arg>Incorrect email</arg>
<kw name="POST session" library="SessionsRoute">
<var>${response}</var>
<arg>${payload}</arg>
<kw name="POST" library="RequestsLibrary">
<var>${response}</var>
<arg>${API_URL}/sessions</arg>
<arg>json=${payload}</arg>
<arg>expected_status=any</arg>
<doc>Sends a POST request.</doc>
<msg timestamp="20220329 10:00:48.809" level="INFO">POST Request : url=https://getgeeks-users-paula.herokuapp.com/sessions 
 path_url=/sessions 
 headers={'User-Agent': 'python-requests/2.26.0', 'Accept-Encoding': 'gzip, deflate', 'Accept': '*/*', 'Connection': 'keep-alive', 'Content-Length': '55', 'Content-Type': 'application/json'} 
 body=b'{"email": "paulinha.jampa.gmail", "password": "abc123"}' 
 </msg>
<msg timestamp="20220329 10:00:48.809" level="INFO">POST Response : url=https://getgeeks-users-paula.herokuapp.com/sessions 
 status=400, reason=Bad Request 
 headers={'Server': 'Cowboy', 'Connection': 'keep-alive', 'X-Powered-By': 'Express', 'Access-Control-Allow-Origin': '*', 'Content-Type': 'application/json; charset=utf-8', 'Content-Length': '27', 'Etag': 'W/"1b-/TOfJuE8lwSWEXvBl7o6iRstTo0"', 'Date': 'Tue, 29 Mar 2022 13:00:49 GMT', 'Via': '1.1 vegur'} 
 body={"error":"Incorrect email"} 
 </msg>
<msg timestamp="20220329 10:00:48.810" level="INFO">${response} = &lt;Response [400]&gt;</msg>
<status status="PASS" starttime="20220329 10:00:47.852" endtime="20220329 10:00:48.810"/>
</kw>
<msg timestamp="20220329 10:00:48.810" level="INFO">${response} = &lt;Response [400]&gt;</msg>
<status status="PASS" starttime="20220329 10:00:47.852" endtime="20220329 10:00:48.810"/>
</kw>
<kw name="Status Should Be" library="RequestsLibrary">
<arg>${status_code}</arg>
<arg>${response}</arg>
<doc>Fails if response status code is different than the expected.</doc>
<status status="PASS" starttime="20220329 10:00:48.810" endtime="20220329 10:00:48.811"/>
</kw>
<kw name="Should Be Equal" library="BuiltIn">
<arg>${error_message}</arg>
<arg>${response.json()}[error]</arg>
<doc>Fails if the given objects are unequal.</doc>
<status status="PASS" starttime="20220329 10:00:48.811" endtime="20220329 10:00:48.815"/>
</kw>
<status status="PASS" starttime="20220329 10:00:47.851" endtime="20220329 10:00:48.815"/>
</kw>
<kw name="Tentativa de usuário que não gera token">
<arg>${email_404}</arg>
<arg>401</arg>
<arg>Unauthorized</arg>
<kw name="POST session" library="SessionsRoute">
<var>${response}</var>
<arg>${payload}</arg>
<kw name="POST" library="RequestsLibrary">
<var>${response}</var>
<arg>${API_URL}/sessions</arg>
<arg>json=${payload}</arg>
<arg>expected_status=any</arg>
<doc>Sends a POST request.</doc>
<msg timestamp="20220329 10:00:49.565" level="INFO">POST Request : url=https://getgeeks-users-paula.herokuapp.com/sessions 
 path_url=/sessions 
 headers={'User-Agent': 'python-requests/2.26.0', 'Accept-Encoding': 'gzip, deflate', 'Accept': '*/*', 'Connection': 'keep-alive', 'Content-Length': '51', 'Content-Type': 'application/json'} 
 body=b'{"email": "paulinha@404.com", "password": "abc123"}' 
 </msg>
<msg timestamp="20220329 10:00:49.565" level="INFO">POST Response : url=https://getgeeks-users-paula.herokuapp.com/sessions 
 status=401, reason=Unauthorized 
 headers={'Server': 'Cowboy', 'Connection': 'keep-alive', 'X-Powered-By': 'Express', 'Access-Control-Allow-Origin': '*', 'Content-Type': 'application/json; charset=utf-8', 'Content-Length': '24', 'Etag': 'W/"18-XPDV80vbMk4yY1/PADG4jYM4rSI"', 'Date': 'Tue, 29 Mar 2022 13:00:50 GMT', 'Via': '1.1 vegur'} 
 body={"error":"Unauthorized"} 
 </msg>
<msg timestamp="20220329 10:00:49.566" level="INFO">${response} = &lt;Response [401]&gt;</msg>
<status status="PASS" starttime="20220329 10:00:48.819" endtime="20220329 10:00:49.566"/>
</kw>
<msg timestamp="20220329 10:00:49.568" level="INFO">${response} = &lt;Response [401]&gt;</msg>
<status status="PASS" starttime="20220329 10:00:48.818" endtime="20220329 10:00:49.568"/>
</kw>
<kw name="Status Should Be" library="RequestsLibrary">
<arg>${status_code}</arg>
<arg>${response}</arg>
<doc>Fails if response status code is different than the expected.</doc>
<status status="PASS" starttime="20220329 10:00:49.569" endtime="20220329 10:00:49.570"/>
</kw>
<kw name="Should Be Equal" library="BuiltIn">
<arg>${error_message}</arg>
<arg>${response.json()}[error]</arg>
<doc>Fails if the given objects are unequal.</doc>
<status status="PASS" starttime="20220329 10:00:49.571" endtime="20220329 10:00:49.575"/>
</kw>
<status status="PASS" starttime="20220329 10:00:48.816" endtime="20220329 10:00:49.576"/>
</kw>
<kw name="Tentativa de usuário que não gera token">
<arg>${empty_email}</arg>
<arg>400</arg>
<arg>Required email</arg>
<kw name="POST session" library="SessionsRoute">
<var>${response}</var>
<arg>${payload}</arg>
<kw name="POST" library="RequestsLibrary">
<var>${response}</var>
<arg>${API_URL}/sessions</arg>
<arg>json=${payload}</arg>
<arg>expected_status=any</arg>
<doc>Sends a POST request.</doc>
<msg timestamp="20220329 10:00:50.346" level="INFO">POST Request : url=https://getgeeks-users-paula.herokuapp.com/sessions 
 path_url=/sessions 
 headers={'User-Agent': 'python-requests/2.26.0', 'Accept-Encoding': 'gzip, deflate', 'Accept': '*/*', 'Connection': 'keep-alive', 'Content-Length': '35', 'Content-Type': 'application/json'} 
 body=b'{"email": "", "password": "abc123"}' 
 </msg>
<msg timestamp="20220329 10:00:50.346" level="INFO">POST Response : url=https://getgeeks-users-paula.herokuapp.com/sessions 
 status=400, reason=Bad Request 
 headers={'Server': 'Cowboy', 'Connection': 'keep-alive', 'X-Powered-By': 'Express', 'Access-Control-Allow-Origin': '*', 'Content-Type': 'application/json; charset=utf-8', 'Content-Length': '26', 'Etag': 'W/"1a-ztWLEO5pP/4DOQYYgf8vh7rMmRI"', 'Date': 'Tue, 29 Mar 2022 13:00:50 GMT', 'Via': '1.1 vegur'} 
 body={"error":"Required email"} 
 </msg>
<msg timestamp="20220329 10:00:50.347" level="INFO">${response} = &lt;Response [400]&gt;</msg>
<status status="PASS" starttime="20220329 10:00:49.584" endtime="20220329 10:00:50.347"/>
</kw>
<msg timestamp="20220329 10:00:50.347" level="INFO">${response} = &lt;Response [400]&gt;</msg>
<status status="PASS" starttime="20220329 10:00:49.582" endtime="20220329 10:00:50.347"/>
</kw>
<kw name="Status Should Be" library="RequestsLibrary">
<arg>${status_code}</arg>
<arg>${response}</arg>
<doc>Fails if response status code is different than the expected.</doc>
<status status="PASS" starttime="20220329 10:00:50.347" endtime="20220329 10:00:50.348"/>
</kw>
<kw name="Should Be Equal" library="BuiltIn">
<arg>${error_message}</arg>
<arg>${response.json()}[error]</arg>
<doc>Fails if the given objects are unequal.</doc>
<status status="PASS" starttime="20220329 10:00:50.348" endtime="20220329 10:00:50.349"/>
</kw>
<status status="PASS" starttime="20220329 10:00:49.579" endtime="20220329 10:00:50.349"/>
</kw>
<kw name="Tentativa de usuário que não gera token">
<arg>${sem_email}</arg>
<arg>400</arg>
<arg>Required email</arg>
<kw name="POST session" library="SessionsRoute">
<var>${response}</var>
<arg>${payload}</arg>
<kw name="POST" library="RequestsLibrary">
<var>${response}</var>
<arg>${API_URL}/sessions</arg>
<arg>json=${payload}</arg>
<arg>expected_status=any</arg>
<doc>Sends a POST request.</doc>
<msg timestamp="20220329 10:00:51.089" level="INFO">POST Request : url=https://getgeeks-users-paula.herokuapp.com/sessions 
 path_url=/sessions 
 headers={'User-Agent': 'python-requests/2.26.0', 'Accept-Encoding': 'gzip, deflate', 'Accept': '*/*', 'Connection': 'keep-alive', 'Content-Length': '22', 'Content-Type': 'application/json'} 
 body=b'{"password": "abc123"}' 
 </msg>
<msg timestamp="20220329 10:00:51.089" level="INFO">POST Response : url=https://getgeeks-users-paula.herokuapp.com/sessions 
 status=400, reason=Bad Request 
 headers={'Server': 'Cowboy', 'Connection': 'keep-alive', 'X-Powered-By': 'Express', 'Access-Control-Allow-Origin': '*', 'Content-Type': 'application/json; charset=utf-8', 'Content-Length': '26', 'Etag': 'W/"1a-ztWLEO5pP/4DOQYYgf8vh7rMmRI"', 'Date': 'Tue, 29 Mar 2022 13:00:51 GMT', 'Via': '1.1 vegur'} 
 body={"error":"Required email"} 
 </msg>
<msg timestamp="20220329 10:00:51.089" level="INFO">${response} = &lt;Response [400]&gt;</msg>
<status status="PASS" starttime="20220329 10:00:50.352" endtime="20220329 10:00:51.089"/>
</kw>
<msg timestamp="20220329 10:00:51.089" level="INFO">${response} = &lt;Response [400]&gt;</msg>
<status status="PASS" starttime="20220329 10:00:50.351" endtime="20220329 10:00:51.089"/>
</kw>
<kw name="Status Should Be" library="RequestsLibrary">
<arg>${status_code}</arg>
<arg>${response}</arg>
<doc>Fails if response status code is different than the expected.</doc>
<status status="PASS" starttime="20220329 10:00:51.090" endtime="20220329 10:00:51.090"/>
</kw>
<kw name="Should Be Equal" library="BuiltIn">
<arg>${error_message}</arg>
<arg>${response.json()}[error]</arg>
<doc>Fails if the given objects are unequal.</doc>
<status status="PASS" starttime="20220329 10:00:51.090" endtime="20220329 10:00:51.091"/>
</kw>
<status status="PASS" starttime="20220329 10:00:50.350" endtime="20220329 10:00:51.091"/>
</kw>
<kw name="Tentativa de usuário que não gera token">
<arg>${empty_pass}</arg>
<arg>400</arg>
<arg>Required pass</arg>
<kw name="POST session" library="SessionsRoute">
<var>${response}</var>
<arg>${payload}</arg>
<kw name="POST" library="RequestsLibrary">
<var>${response}</var>
<arg>${API_URL}/sessions</arg>
<arg>json=${payload}</arg>
<arg>expected_status=any</arg>
<doc>Sends a POST request.</doc>
<msg timestamp="20220329 10:00:51.720" level="INFO">POST Request : url=https://getgeeks-users-paula.herokuapp.com/sessions 
 path_url=/sessions 
 headers={'User-Agent': 'python-requests/2.26.0', 'Accept-Encoding': 'gzip, deflate', 'Accept': '*/*', 'Connection': 'keep-alive', 'Content-Length': '53', 'Content-Type': 'application/json'} 
 body=b'{"email": "paulinha.jampa@gmail.com", "password": ""}' 
 </msg>
<msg timestamp="20220329 10:00:51.720" level="INFO">POST Response : url=https://getgeeks-users-paula.herokuapp.com/sessions 
 status=400, reason=Bad Request 
 headers={'Server': 'Cowboy', 'Connection': 'keep-alive', 'X-Powered-By': 'Express', 'Access-Control-Allow-Origin': '*', 'Content-Type': 'application/json; charset=utf-8', 'Content-Length': '25', 'Etag': 'W/"19-XQPKZGB2rC+TLudFQKbwFLPwbR0"', 'Date': 'Tue, 29 Mar 2022 13:00:52 GMT', 'Via': '1.1 vegur'} 
 body={"error":"Required pass"} 
 </msg>
<msg timestamp="20220329 10:00:51.720" level="INFO">${response} = &lt;Response [400]&gt;</msg>
<status status="PASS" starttime="20220329 10:00:51.093" endtime="20220329 10:00:51.720"/>
</kw>
<msg timestamp="20220329 10:00:51.720" level="INFO">${response} = &lt;Response [400]&gt;</msg>
<status status="PASS" starttime="20220329 10:00:51.092" endtime="20220329 10:00:51.720"/>
</kw>
<kw name="Status Should Be" library="RequestsLibrary">
<arg>${status_code}</arg>
<arg>${response}</arg>
<doc>Fails if response status code is different than the expected.</doc>
<status status="PASS" starttime="20220329 10:00:51.720" endtime="20220329 10:00:51.721"/>
</kw>
<kw name="Should Be Equal" library="BuiltIn">
<arg>${error_message}</arg>
<arg>${response.json()}[error]</arg>
<doc>Fails if the given objects are unequal.</doc>
<status status="PASS" starttime="20220329 10:00:51.721" endtime="20220329 10:00:51.721"/>
</kw>
<status status="PASS" starttime="20220329 10:00:51.092" endtime="20220329 10:00:51.721"/>
</kw>
<kw name="Tentativa de usuário que não gera token">
<arg>${sem_pass}</arg>
<arg>400</arg>
<arg>Required pass</arg>
<kw name="POST session" library="SessionsRoute">
<var>${response}</var>
<arg>${payload}</arg>
<kw name="POST" library="RequestsLibrary">
<var>${response}</var>
<arg>${API_URL}/sessions</arg>
<arg>json=${payload}</arg>
<arg>expected_status=any</arg>
<doc>Sends a POST request.</doc>
<msg timestamp="20220329 10:00:52.351" level="INFO">POST Request : url=https://getgeeks-users-paula.herokuapp.com/sessions 
 path_url=/sessions 
 headers={'User-Agent': 'python-requests/2.26.0', 'Accept-Encoding': 'gzip, deflate', 'Accept': '*/*', 'Connection': 'keep-alive', 'Content-Length': '37', 'Content-Type': 'application/json'} 
 body=b'{"email": "paulinha.jampa@gmail.com"}' 
 </msg>
<msg timestamp="20220329 10:00:52.351" level="INFO">POST Response : url=https://getgeeks-users-paula.herokuapp.com/sessions 
 status=400, reason=Bad Request 
 headers={'Server': 'Cowboy', 'Connection': 'keep-alive', 'X-Powered-By': 'Express', 'Access-Control-Allow-Origin': '*', 'Content-Type': 'application/json; charset=utf-8', 'Content-Length': '25', 'Etag': 'W/"19-XQPKZGB2rC+TLudFQKbwFLPwbR0"', 'Date': 'Tue, 29 Mar 2022 13:00:52 GMT', 'Via': '1.1 vegur'} 
 body={"error":"Required pass"} 
 </msg>
<msg timestamp="20220329 10:00:52.352" level="INFO">${response} = &lt;Response [400]&gt;</msg>
<status status="PASS" starttime="20220329 10:00:51.723" endtime="20220329 10:00:52.352"/>
</kw>
<msg timestamp="20220329 10:00:52.352" level="INFO">${response} = &lt;Response [400]&gt;</msg>
<status status="PASS" starttime="20220329 10:00:51.723" endtime="20220329 10:00:52.352"/>
</kw>
<kw name="Status Should Be" library="RequestsLibrary">
<arg>${status_code}</arg>
<arg>${response}</arg>
<doc>Fails if response status code is different than the expected.</doc>
<status status="PASS" starttime="20220329 10:00:52.352" endtime="20220329 10:00:52.352"/>
</kw>
<kw name="Should Be Equal" library="BuiltIn">
<arg>${error_message}</arg>
<arg>${response.json()}[error]</arg>
<doc>Fails if the given objects are unequal.</doc>
<status status="PASS" starttime="20220329 10:00:52.353" endtime="20220329 10:00:52.353"/>
</kw>
<status status="PASS" starttime="20220329 10:00:51.722" endtime="20220329 10:00:52.354"/>
</kw>
<status status="PASS" starttime="20220329 10:00:47.201" endtime="20220329 10:00:52.355"/>
</test>
<doc>Session route test suite</doc>
<status status="PASS" starttime="20220329 10:00:47.185" endtime="20220329 10:00:52.357"/>
</suite>
<suite id="s1-s3" name="Sessions" source="D:\qafullstack\PROJETO FINAL\backend\users\testes\Sessions.robot">
<test id="s1-s3-t1" name="Senha inválida apenas com erro">
<kw name="Create Dictionary" library="BuiltIn">
<var>${payload}</var>
<arg>email=paulinha.jampa@gmail.com</arg>
<arg>password=paula198333</arg>
<doc>Creates and returns a dictionary based on the given ``items``.</doc>
<msg timestamp="20220329 10:00:52.371" level="INFO">${payload} = {'email': 'paulinha.jampa@gmail.com', 'password': 'paula198333'}</msg>
<status status="PASS" starttime="20220329 10:00:52.371" endtime="20220329 10:00:52.371"/>
</kw>
<kw name="POST" library="RequestsLibrary">
<var>${resposta}</var>
<arg>${API_URL}/sessions</arg>
<arg>json=${payload}</arg>
<arg>expected_status=any</arg>
<doc>Sends a POST request.</doc>
<msg timestamp="20220329 10:00:52.861" level="INFO">POST Request : url=https://getgeeks-users-paula.herokuapp.com/sessions 
 path_url=/sessions 
 headers={'User-Agent': 'python-requests/2.26.0', 'Accept-Encoding': 'gzip, deflate', 'Accept': '*/*', 'Connection': 'keep-alive', 'Content-Length': '64', 'Content-Type': 'application/json'} 
 body=b'{"email": "paulinha.jampa@gmail.com", "password": "paula198333"}' 
 </msg>
<msg timestamp="20220329 10:00:52.862" level="INFO">POST Response : url=https://getgeeks-users-paula.herokuapp.com/sessions 
 status=401, reason=Unauthorized 
 headers={'Server': 'Cowboy', 'Connection': 'keep-alive', 'X-Powered-By': 'Express', 'Access-Control-Allow-Origin': '*', 'Content-Type': 'application/json; charset=utf-8', 'Content-Length': '24', 'Etag': 'W/"18-XPDV80vbMk4yY1/PADG4jYM4rSI"', 'Date': 'Tue, 29 Mar 2022 13:00:53 GMT', 'Via': '1.1 vegur'} 
 body={"error":"Unauthorized"} 
 </msg>
<msg timestamp="20220329 10:00:52.862" level="INFO">${resposta} = &lt;Response [401]&gt;</msg>
<status status="PASS" starttime="20220329 10:00:52.372" endtime="20220329 10:00:52.862"/>
</kw>
<kw name="Status Should Be" library="RequestsLibrary">
<arg>401</arg>
<arg>${resposta}</arg>
<doc>Fails if response status code is different than the expected.</doc>
<status status="PASS" starttime="20220329 10:00:52.863" endtime="20220329 10:00:52.863"/>
</kw>
<kw name="Should Be Equal" library="BuiltIn">
<arg>Unauthorized</arg>
<arg>${resposta.json()}[error]</arg>
<doc>Fails if the given objects are unequal.</doc>
<status status="PASS" starttime="20220329 10:00:52.864" endtime="20220329 10:00:52.865"/>
</kw>
<tag>002</tag>
<status status="PASS" starttime="20220329 10:00:52.370" endtime="20220329 10:00:52.865"/>
</test>
<test id="s1-s3-t2" name="Sessão de usuário válido">
<kw name="Factory User Session" library="Users">
<var>${payload}</var>
<arg>signup</arg>
<msg timestamp="20220329 10:00:52.867" level="INFO">${payload} = {'name': 'Paula Onofrinho', 'email': 'paulinha.jampa@hotmail.com', 'password': 'pwd123'}</msg>
<status status="PASS" starttime="20220329 10:00:52.867" endtime="20220329 10:00:52.867"/>
</kw>
<kw name="POST User" library="UsersRoute">
<arg>${payload}</arg>
<kw name="POST" library="RequestsLibrary">
<var>${response}</var>
<arg>${API_URL}/users</arg>
<arg>json=${payload}</arg>
<arg>expected_status=any</arg>
<doc>Sends a POST request.</doc>
<msg timestamp="20220329 10:00:53.380" level="INFO">POST Request : url=https://getgeeks-users-paula.herokuapp.com/users 
 path_url=/users 
 headers={'User-Agent': 'python-requests/2.26.0', 'Accept-Encoding': 'gzip, deflate', 'Accept': '*/*', 'Connection': 'keep-alive', 'Content-Length': '88', 'Content-Type': 'application/json'} 
 body=b'{"name": "Paula Onofrinho", "email": "paulinha.jampa@hotmail.com", "password": "pwd123"}' 
 </msg>
<msg timestamp="20220329 10:00:53.380" level="INFO">POST Response : url=https://getgeeks-users-paula.herokuapp.com/users 
 status=201, reason=Created 
 headers={'Server': 'Cowboy', 'Connection': 'keep-alive', 'X-Powered-By': 'Express', 'Access-Control-Allow-Origin': '*', 'Content-Type': 'application/json; charset=utf-8', 'Content-Length': '10', 'Etag': 'W/"a-XoyGMDVxsv35dER7Xtq6zjrSTwo"', 'Date': 'Tue, 29 Mar 2022 13:00:53 GMT', 'Via': '1.1 vegur'} 
 body={"id":672} 
 </msg>
<msg timestamp="20220329 10:00:53.380" level="INFO">${response} = &lt;Response [201]&gt;</msg>
<status status="PASS" starttime="20220329 10:00:52.868" endtime="20220329 10:00:53.380"/>
</kw>
<status status="PASS" starttime="20220329 10:00:52.868" endtime="20220329 10:00:53.380"/>
</kw>
<kw name="Factory User Session" library="Users">
<var>${payload}</var>
<arg>login</arg>
<msg timestamp="20220329 10:00:53.381" level="INFO">${payload} = {'email': 'paulinha.jampa@hotmail.com', 'password': 'pwd123'}</msg>
<status status="PASS" starttime="20220329 10:00:53.381" endtime="20220329 10:00:53.381"/>
</kw>
<kw name="POST session" library="SessionsRoute">
<var>${response}</var>
<arg>${payload}</arg>
<kw name="POST" library="RequestsLibrary">
<var>${response}</var>
<arg>${API_URL}/sessions</arg>
<arg>json=${payload}</arg>
<arg>expected_status=any</arg>
<doc>Sends a POST request.</doc>
<msg timestamp="20220329 10:00:53.877" level="INFO">POST Request : url=https://getgeeks-users-paula.herokuapp.com/sessions 
 path_url=/sessions 
 headers={'User-Agent': 'python-requests/2.26.0', 'Accept-Encoding': 'gzip, deflate', 'Accept': '*/*', 'Connection': 'keep-alive', 'Content-Length': '61', 'Content-Type': 'application/json'} 
 body=b'{"email": "paulinha.jampa@hotmail.com", "password": "pwd123"}' 
 </msg>
<msg timestamp="20220329 10:00:53.878" level="INFO">POST Response : url=https://getgeeks-users-paula.herokuapp.com/sessions 
 status=200, reason=OK 
 headers={'Server': 'Cowboy', 'Connection': 'keep-alive', 'X-Powered-By': 'Express', 'Access-Control-Allow-Origin': '*', 'Content-Type': 'application/json; charset=utf-8', 'Content-Length': '376', 'Etag': 'W/"178-SxoCoN8LT3GgqocrfXdknQcD//A"', 'Date': 'Tue, 29 Mar 2022 13:00:54 GMT', 'Via': '1.1 vegur'} 
 body={"user":{"id":672,"email":"paulinha.jampa@hotmail.com","password_hash":"$2b$08$mV/yI3mlKsEiQfSPwXUKbuY59yfXUYyvAGi8Sfgf6YGQ3raZP1urm","name":"Paula Onofrinho","avatar":null,"whatsapp":null,"is_geek":false},"token":"eyJhbGciOiJIUzI1NiIsInR5cCI6IkpXVCJ9.eyJpZCI6NjcyLCJpYXQiOjE2NDg1NTg4NTQsImV4cCI6MTY0OTQyMjg1NH0.8D_Ow9xoBve016ruxERwn2AEwSEHf6TXonT6Vy4QJCo","expires_in":"10d"} 
 </msg>
<msg timestamp="20220329 10:00:53.878" level="INFO">${response} = &lt;Response [200]&gt;</msg>
<status status="PASS" starttime="20220329 10:00:53.382" endtime="20220329 10:00:53.878"/>
</kw>
<msg timestamp="20220329 10:00:53.878" level="INFO">${response} = &lt;Response [200]&gt;</msg>
<status status="PASS" starttime="20220329 10:00:53.382" endtime="20220329 10:00:53.878"/>
</kw>
<kw name="Status Should Be" library="RequestsLibrary">
<arg>200</arg>
<arg>${response}</arg>
<doc>Fails if response status code is different than the expected.</doc>
<status status="PASS" starttime="20220329 10:00:53.879" endtime="20220329 10:00:53.879"/>
</kw>
<kw name="Get Length" library="BuiltIn">
<var>${size}</var>
<arg>${response.json()}[token]</arg>
<doc>Returns and logs the length of the given item as an integer.</doc>
<msg timestamp="20220329 10:00:53.881" level="INFO">Length is 140</msg>
<msg timestamp="20220329 10:00:53.881" level="INFO">${size} = 140</msg>
<status status="PASS" starttime="20220329 10:00:53.880" endtime="20220329 10:00:53.881"/>
</kw>
<kw name="Should Be True" library="BuiltIn">
<arg>${size}</arg>
<arg>&gt; 0</arg>
<doc>Fails if the given condition is not true.</doc>
<status status="PASS" starttime="20220329 10:00:53.882" endtime="20220329 10:00:53.882"/>
</kw>
<kw name="Should Be Equal" library="BuiltIn">
<arg>10d</arg>
<arg>${response.json()}[expires_in]</arg>
<doc>Fails if the given objects are unequal.</doc>
[...]
<status status="PASS" starttime="20220329 10:01:05.500" endtime="20220329 10:01:06.035"/>
</kw>
<kw name="Set Variable" library="BuiltIn">
<var>${Result}</var>
<arg>${EMPTY}</arg>
<doc>Returns the given values which can then be assigned to a variables.</doc>
<msg timestamp="20220329 10:01:06.036" level="INFO">${Result} = </msg>
<status status="PASS" starttime="20220329 10:01:06.036" endtime="20220329 10:01:06.036"/>
</kw>
<if>
<branch type="IF" condition="&quot;200&quot; in &quot;${response}&quot;">
<kw name="Set Variable" library="BuiltIn">
<var>${Result}</var>
<arg>Bearer ${response.json()}[token]</arg>
<doc>Returns the given values which can then be assigned to a variables.</doc>
<msg timestamp="20220329 10:01:06.037" level="INFO">${Result} = Bearer eyJhbGciOiJIUzI1NiIsInR5cCI6IkpXVCJ9.eyJpZCI6Njc2LCJpYXQiOjE2NDg1NTg4NjYsImV4cCI6MTY0OTQyMjg2Nn0.SgGGhyWgf1DErTdqB3NPa1M3KcmYfPIXQcU8FgpHncg</msg>
<status status="PASS" starttime="20220329 10:01:06.037" endtime="20220329 10:01:06.037"/>
</kw>
<status status="PASS" starttime="20220329 10:01:06.036" endtime="20220329 10:01:06.037"/>
</branch>
<status status="PASS" starttime="20220329 10:01:06.036" endtime="20220329 10:01:06.037"/>
</if>
<msg timestamp="20220329 10:01:06.038" level="INFO">${token} = Bearer eyJhbGciOiJIUzI1NiIsInR5cCI6IkpXVCJ9.eyJpZCI6Njc2LCJpYXQiOjE2NDg1NTg4NjYsImV4cCI6MTY0OTQyMjg2Nn0.SgGGhyWgf1DErTdqB3NPa1M3KcmYfPIXQcU8FgpHncg</msg>
<status status="PASS" starttime="20220329 10:01:05.499" endtime="20220329 10:01:06.038"/>
</kw>
<kw name="DELETE User" library="UsersRoute">
<var>${response}</var>
<arg>${token}</arg>
<kw name="Create Dictionary" library="BuiltIn">
<var>${headers}</var>
<arg>Authorization=${token}</arg>
<doc>Creates and returns a dictionary based on the given ``items``.</doc>
<msg timestamp="20220329 10:01:06.040" level="INFO">${headers} = {'Authorization': 'Bearer eyJhbGciOiJIUzI1NiIsInR5cCI6IkpXVCJ9.eyJpZCI6Njc2LCJpYXQiOjE2NDg1NTg4NjYsImV4cCI6MTY0OTQyMjg2Nn0.SgGGhyWgf1DErTdqB3NPa1M3KcmYfPIXQcU8FgpHncg'}</msg>
<status status="PASS" starttime="20220329 10:01:06.039" endtime="20220329 10:01:06.040"/>
</kw>
<kw name="DELETE" library="RequestsLibrary">
<var>${response}</var>
<arg>${API_URL}/users</arg>
<arg>headers=${headers}</arg>
<arg>expected_status=any</arg>
<doc>Sends a DELETE request.</doc>
<msg timestamp="20220329 10:01:06.797" level="INFO">DELETE Request : url=https://getgeeks-users-paula.herokuapp.com/users 
 path_url=/users 
 headers={'User-Agent': 'python-requests/2.26.0', 'Accept-Encoding': 'gzip, deflate', 'Accept': '*/*', 'Connection': 'keep-alive', 'Authorization': 'Bearer eyJhbGciOiJIUzI1NiIsInR5cCI6IkpXVCJ9.eyJpZCI6Njc2LCJpYXQiOjE2NDg1NTg4NjYsImV4cCI6MTY0OTQyMjg2Nn0.SgGGhyWgf1DErTdqB3NPa1M3KcmYfPIXQcU8FgpHncg', 'Content-Length': '0'} 
 body=None 
 </msg>
<msg timestamp="20220329 10:01:06.797" level="INFO">DELETE Response : url=https://getgeeks-users-paula.herokuapp.com/users 
 status=204, reason=No Content 
 headers={'Server': 'Cowboy', 'Content-Length': '0', 'Connection': 'keep-alive', 'X-Powered-By': 'Express', 'Access-Control-Allow-Origin': '*', 'Date': 'Tue, 29 Mar 2022 13:01:07 GMT', 'Via': '1.1 vegur'} 
 body=None 
 </msg>
<msg timestamp="20220329 10:01:06.797" level="INFO">${response} = &lt;Response [204]&gt;</msg>
<status status="PASS" starttime="20220329 10:01:06.040" endtime="20220329 10:01:06.797"/>
</kw>
<msg timestamp="20220329 10:01:06.797" level="INFO">${response} = &lt;Response [204]&gt;</msg>
<status status="PASS" starttime="20220329 10:01:06.039" endtime="20220329 10:01:06.797"/>
</kw>
<kw name="Status Should Be" library="RequestsLibrary">
<arg>204</arg>
<arg>${response}</arg>
<doc>Fails if response status code is different than the expected.</doc>
<status status="PASS" starttime="20220329 10:01:06.798" endtime="20220329 10:01:06.798"/>
</kw>
<kw name="GET User" library="UsersRoute">
<var>${response}</var>
<arg>${token}</arg>
<kw name="Create Dictionary" library="BuiltIn">
<var>${headers}</var>
<arg>Authorization=${token}</arg>
<doc>Creates and returns a dictionary based on the given ``items``.</doc>
<msg timestamp="20220329 10:01:06.800" level="INFO">${headers} = {'Authorization': 'Bearer eyJhbGciOiJIUzI1NiIsInR5cCI6IkpXVCJ9.eyJpZCI6Njc2LCJpYXQiOjE2NDg1NTg4NjYsImV4cCI6MTY0OTQyMjg2Nn0.SgGGhyWgf1DErTdqB3NPa1M3KcmYfPIXQcU8FgpHncg'}</msg>
<status status="PASS" starttime="20220329 10:01:06.799" endtime="20220329 10:01:06.800"/>
</kw>
<kw name="GET" library="RequestsLibrary">
<var>${response}</var>
<arg>${API_URL}/users</arg>
<arg>headers=${headers}</arg>
<arg>expected_status=any</arg>
<doc>Sends a GET request.</doc>
<msg timestamp="20220329 10:01:07.713" level="INFO">GET Request : url=https://getgeeks-users-paula.herokuapp.com/users 
 path_url=/users 
 headers={'User-Agent': 'python-requests/2.26.0', 'Accept-Encoding': 'gzip, deflate', 'Accept': '*/*', 'Connection': 'keep-alive', 'Authorization': 'Bearer eyJhbGciOiJIUzI1NiIsInR5cCI6IkpXVCJ9.eyJpZCI6Njc2LCJpYXQiOjE2NDg1NTg4NjYsImV4cCI6MTY0OTQyMjg2Nn0.SgGGhyWgf1DErTdqB3NPa1M3KcmYfPIXQcU8FgpHncg'} 
 body=None 
 </msg>
<msg timestamp="20220329 10:01:07.714" level="INFO">GET Response : url=https://getgeeks-users-paula.herokuapp.com/users 
 status=404, reason=Not Found 
 headers={'Server': 'Cowboy', 'Connection': 'keep-alive', 'X-Powered-By': 'Express', 'Access-Control-Allow-Origin': '*', 'Date': 'Tue, 29 Mar 2022 13:01:08 GMT', 'Content-Length': '0', 'Via': '1.1 vegur'} 
 body=None 
 </msg>
<msg timestamp="20220329 10:01:07.714" level="INFO">${response} = &lt;Response [404]&gt;</msg>
<status status="PASS" starttime="20220329 10:01:06.800" endtime="20220329 10:01:07.714"/>
</kw>
<msg timestamp="20220329 10:01:07.715" level="INFO">${response} = &lt;Response [404]&gt;</msg>
<status status="PASS" starttime="20220329 10:01:06.799" endtime="20220329 10:01:07.715"/>
</kw>
<kw name="Status Should Be" library="RequestsLibrary">
<arg>404</arg>
<arg>${response}</arg>
<doc>Fails if response status code is different than the expected.</doc>
<status status="PASS" starttime="20220329 10:01:07.716" endtime="20220329 10:01:07.717"/>
</kw>
<tag>remover</tag>
<status status="PASS" starttime="20220329 10:01:03.324" endtime="20220329 10:01:07.717"/>
</test>
<test id="s1-s4-t5" name="Update a user">
<kw name="Factory Update User" library="Users">
<var>${user}</var>
<msg timestamp="20220329 10:01:07.721" level="INFO">${user} = {'before': {'name': 'Paula Onofre', 'email': 'paulinha.jampa@gmail.com', 'password': 'pwd123'}, 'after': {'name': 'Onofre Paula', 'email': 'paulinha.jampa@gmail.com', 'whatsapp': '839994401626', 'avat...</msg>
<status status="PASS" starttime="20220329 10:01:07.720" endtime="20220329 10:01:07.721"/>
</kw>
<kw name="POST User" library="UsersRoute">
<arg>${user}[before]</arg>
<kw name="POST" library="RequestsLibrary">
<var>${response}</var>
<arg>${API_URL}/users</arg>
<arg>json=${payload}</arg>
<arg>expected_status=any</arg>
<doc>Sends a POST request.</doc>
<msg timestamp="20220329 10:01:08.395" level="INFO">POST Request : url=https://getgeeks-users-paula.herokuapp.com/users 
 path_url=/users 
 headers={'User-Agent': 'python-requests/2.26.0', 'Accept-Encoding': 'gzip, deflate', 'Accept': '*/*', 'Connection': 'keep-alive', 'Content-Length': '83', 'Content-Type': 'application/json'} 
 body=b'{"name": "Paula Onofre", "email": "paulinha.jampa@gmail.com", "password": "pwd123"}' 
 </msg>
<msg timestamp="20220329 10:01:08.395" level="INFO">POST Response : url=https://getgeeks-users-paula.herokuapp.com/users 
 status=400, reason=Bad Request 
 headers={'Server': 'Cowboy', 'Connection': 'keep-alive', 'X-Powered-By': 'Express', 'Access-Control-Allow-Origin': '*', 'Content-Type': 'application/json; charset=utf-8', 'Content-Length': '31', 'Etag': 'W/"1f-lFUySNKwX3L5eGEwGcNcUoVKWhE"', 'Date': 'Tue, 29 Mar 2022 13:01:08 GMT', 'Via': '1.1 vegur'} 
 body={"error":"User already exists"} 
 </msg>
<msg timestamp="20220329 10:01:08.395" level="INFO">${response} = &lt;Response [400]&gt;</msg>
<status status="PASS" starttime="20220329 10:01:07.722" endtime="20220329 10:01:08.395"/>
</kw>
<status status="PASS" starttime="20220329 10:01:07.721" endtime="20220329 10:01:08.396"/>
</kw>
<kw name="Get token" library="Helpers">
<var>${token}</var>
<arg>${user}[before]</arg>
<kw name="Create Dictionary" library="BuiltIn">
<var>${payload}</var>
<arg>email=${user}[email]</arg>
<arg>password=${user}[password]</arg>
<doc>Creates and returns a dictionary based on the given ``items``.</doc>
<msg timestamp="20220329 10:01:08.398" level="INFO">${payload} = {'email': 'paulinha.jampa@gmail.com', 'password': 'pwd123'}</msg>
<status status="PASS" starttime="20220329 10:01:08.397" endtime="20220329 10:01:08.398"/>
</kw>
<kw name="POST session" library="SessionsRoute">
<var>${response}</var>
<arg>${payload}</arg>
<kw name="POST" library="RequestsLibrary">
<var>${response}</var>
<arg>${API_URL}/sessions</arg>
<arg>json=${payload}</arg>
<arg>expected_status=any</arg>
<doc>Sends a POST request.</doc>
<msg timestamp="20220329 10:01:08.995" level="INFO">POST Request : url=https://getgeeks-users-paula.herokuapp.com/sessions 
 path_url=/sessions 
 headers={'User-Agent': 'python-requests/2.26.0', 'Accept-Encoding': 'gzip, deflate', 'Accept': '*/*', 'Connection': 'keep-alive', 'Content-Length': '59', 'Content-Type': 'application/json'} 
 body=b'{"email": "paulinha.jampa@gmail.com", "password": "pwd123"}' 
 </msg>
<msg timestamp="20220329 10:01:08.996" level="INFO">POST Response : url=https://getgeeks-users-paula.herokuapp.com/sessions 
 status=200, reason=OK 
 headers={'Server': 'Cowboy', 'Connection': 'keep-alive', 'X-Powered-By': 'Express', 'Access-Control-Allow-Origin': '*', 'Content-Type': 'application/json; charset=utf-8', 'Content-Length': '375', 'Etag': 'W/"177-gBw8GmMWT83jNA/czrRA0IjLnTU"', 'Date': 'Tue, 29 Mar 2022 13:01:09 GMT', 'Via': '1.1 vegur'} 
 body={"user":{"id":673,"email":"paulinha.jampa@gmail.com","password_hash":"$2b$08$ktFIeafu28J4ipFDA7xnsOqcSxq9z4Pljo70x2fSlgklMSobGgySq","name":"Paulinha via API","avatar":null,"whatsapp":null,"is_geek":false},"token":"eyJhbGciOiJIUzI1NiIsInR5cCI6IkpXVCJ9.eyJpZCI6NjczLCJpYXQiOjE2NDg1NTg4NjksImV4cCI6MTY0OTQyMjg2OX0.SCNwJkZakVTomxxt0KKylsEBOr77N_wdP_SztLOfpHk","expires_in":"10d"} 
 </msg>
<msg timestamp="20220329 10:01:08.996" level="INFO">${response} = &lt;Response [200]&gt;</msg>
<status status="PASS" starttime="20220329 10:01:08.398" endtime="20220329 10:01:08.996"/>
</kw>
<msg timestamp="20220329 10:01:08.996" level="INFO">${response} = &lt;Response [200]&gt;</msg>
<status status="PASS" starttime="20220329 10:01:08.398" endtime="20220329 10:01:08.996"/>
</kw>
<kw name="Set Variable" library="BuiltIn">
<var>${Result}</var>
<arg>${EMPTY}</arg>
<doc>Returns the given values which can then be assigned to a variables.</doc>
<msg timestamp="20220329 10:01:08.997" level="INFO">${Result} = </msg>
<status status="PASS" starttime="20220329 10:01:08.996" endtime="20220329 10:01:08.997"/>
</kw>
<if>
<branch type="IF" condition="&quot;200&quot; in &quot;${response}&quot;">
<kw name="Set Variable" library="BuiltIn">
<var>${Result}</var>
<arg>Bearer ${response.json()}[token]</arg>
<doc>Returns the given values which can then be assigned to a variables.</doc>
<msg timestamp="20220329 10:01:08.998" level="INFO">${Result} = Bearer eyJhbGciOiJIUzI1NiIsInR5cCI6IkpXVCJ9.eyJpZCI6NjczLCJpYXQiOjE2NDg1NTg4NjksImV4cCI6MTY0OTQyMjg2OX0.SCNwJkZakVTomxxt0KKylsEBOr77N_wdP_SztLOfpHk</msg>
<status status="PASS" starttime="20220329 10:01:08.997" endtime="20220329 10:01:08.998"/>
</kw>
<status status="PASS" starttime="20220329 10:01:08.997" endtime="20220329 10:01:08.998"/>
</branch>
<status status="PASS" starttime="20220329 10:01:08.997" endtime="20220329 10:01:08.998"/>
</if>
<msg timestamp="20220329 10:01:08.998" level="INFO">${token} = Bearer eyJhbGciOiJIUzI1NiIsInR5cCI6IkpXVCJ9.eyJpZCI6NjczLCJpYXQiOjE2NDg1NTg4NjksImV4cCI6MTY0OTQyMjg2OX0.SCNwJkZakVTomxxt0KKylsEBOr77N_wdP_SztLOfpHk</msg>
<status status="PASS" starttime="20220329 10:01:08.397" endtime="20220329 10:01:08.998"/>
</kw>
<kw name="PUT User" library="UsersRoute">
<var>${response}</var>
<arg>${token}</arg>
<arg>${user}[after]</arg>
<kw name="Create Dictionary" library="BuiltIn">
<var>${headers}</var>
<arg>Authorization=${token}</arg>
<doc>Creates and returns a dictionary based on the given ``items``.</doc>
<msg timestamp="20220329 10:01:09.000" level="INFO">${headers} = {'Authorization': 'Bearer eyJhbGciOiJIUzI1NiIsInR5cCI6IkpXVCJ9.eyJpZCI6NjczLCJpYXQiOjE2NDg1NTg4NjksImV4cCI6MTY0OTQyMjg2OX0.SCNwJkZakVTomxxt0KKylsEBOr77N_wdP_SztLOfpHk'}</msg>
<status status="PASS" starttime="20220329 10:01:08.999" endtime="20220329 10:01:09.000"/>
</kw>
<kw name="PUT" library="RequestsLibrary">
<var>${response}</var>
<arg>${API_URL}/users</arg>
<arg>headers=${headers}</arg>
<arg>json=${payload}</arg>
<arg>expected_status=any</arg>
<doc>Sends a PUT request.</doc>
<msg timestamp="20220329 10:01:09.606" level="INFO">PUT Request : url=https://getgeeks-users-paula.herokuapp.com/users 
 path_url=/users 
 headers={'User-Agent': 'python-requests/2.26.0', 'Accept-Encoding': 'gzip, deflate', 'Accept': '*/*', 'Connection': 'keep-alive', 'Authorization': 'Bearer eyJhbGciOiJIUzI1NiIsInR5cCI6IkpXVCJ9.eyJpZCI6NjczLCJpYXQiOjE2NDg1NTg4NjksImV4cCI6MTY0OTQyMjg2OX0.SCNwJkZakVTomxxt0KKylsEBOr77N_wdP_SztLOfpHk', 'Content-Length': '224', 'Content-Type': 'application/json'} 
 body=b'{"name": "Onofre Paula", "email": "paulinha.jampa@gmail.com", "whatsapp": "839994401626", "avatar": "https://www.rpsengenharia.com.br/wp-content/uploads/2020/06/flores-de-inverno-conheca-10-especies-que-gostam-do-frio.jpeg"}' 
 </msg>
<msg timestamp="20220329 10:01:09.606" level="INFO">PUT Response : url=https://getgeeks-users-paula.herokuapp.com/users 
 status=200, reason=OK 
 headers={'Server': 'Cowboy', 'Connection': 'keep-alive', 'X-Powered-By': 'Express', 'Access-Control-Allow-Origin': '*', 'Date': 'Tue, 29 Mar 2022 13:01:10 GMT', 'Content-Length': '0', 'Via': '1.1 vegur'} 
 body=None 
 </msg>
<msg timestamp="20220329 10:01:09.606" level="INFO">${response} = &lt;Response [200]&gt;</msg>
<status status="PASS" starttime="20220329 10:01:09.000" endtime="20220329 10:01:09.606"/>
</kw>
<msg timestamp="20220329 10:01:09.606" level="INFO">${response} = &lt;Response [200]&gt;</msg>
<status status="PASS" starttime="20220329 10:01:08.999" endtime="20220329 10:01:09.606"/>
</kw>
<kw name="Status Should Be" library="RequestsLibrary">
<arg>200</arg>
<arg>${response}</arg>
<doc>Fails if response status code is different than the expected.</doc>
<status status="PASS" starttime="20220329 10:01:09.607" endtime="20220329 10:01:09.607"/>
</kw>
<kw name="GET User" library="UsersRoute">
<var>${response}</var>
<arg>${token}</arg>
<kw name="Create Dictionary" library="BuiltIn">
<var>${headers}</var>
<arg>Authorization=${token}</arg>
<doc>Creates and returns a dictionary based on the given ``items``.</doc>
<msg timestamp="20220329 10:01:09.609" level="INFO">${headers} = {'Authorization': 'Bearer eyJhbGciOiJIUzI1NiIsInR5cCI6IkpXVCJ9.eyJpZCI6NjczLCJpYXQiOjE2NDg1NTg4NjksImV4cCI6MTY0OTQyMjg2OX0.SCNwJkZakVTomxxt0KKylsEBOr77N_wdP_SztLOfpHk'}</msg>
<status status="PASS" starttime="20220329 10:01:09.608" endtime="20220329 10:01:09.609"/>
</kw>
<kw name="GET" library="RequestsLibrary">
<var>${response}</var>
<arg>${API_URL}/users</arg>
<arg>headers=${headers}</arg>
<arg>expected_status=any</arg>
<doc>Sends a GET request.</doc>
<msg timestamp="20220329 10:01:10.485" level="INFO">GET Request : url=https://getgeeks-users-paula.herokuapp.com/users 
 path_url=/users 
 headers={'User-Agent': 'python-requests/2.26.0', 'Accept-Encoding': 'gzip, deflate', 'Accept': '*/*', 'Connection': 'keep-alive', 'Authorization': 'Bearer eyJhbGciOiJIUzI1NiIsInR5cCI6IkpXVCJ9.eyJpZCI6NjczLCJpYXQiOjE2NDg1NTg4NjksImV4cCI6MTY0OTQyMjg2OX0.SCNwJkZakVTomxxt0KKylsEBOr77N_wdP_SztLOfpHk'} 
 body=None 
 </msg>
<msg timestamp="20220329 10:01:10.485" level="INFO">GET Response : url=https://getgeeks-users-paula.herokuapp.com/users 
 status=200, reason=OK 
 headers={'Server': 'Cowboy', 'Connection': 'keep-alive', 'X-Powered-By': 'Express', 'Access-Control-Allow-Origin': '*', 'Content-Type': 'application/json; charset=utf-8', 'Content-Length': '321', 'Etag': 'W/"141-fBaNjffkjvFg6RWvjLJsy9DzpRQ"', 'Date': 'Tue, 29 Mar 2022 13:01:10 GMT', 'Via': '1.1 vegur'} 
 body={"id":673,"email":"paulinha.jampa@gmail.com","password_hash":"$2b$08$ktFIeafu28J4ipFDA7xnsOqcSxq9z4Pljo70x2fSlgklMSobGgySq","name":"Onofre Paula","avatar":"https://www.rpsengenharia.com.br/wp-content/uploads/2020/06/flores-de-inverno-conheca-10-especies-que-gostam-do-frio.jpeg","whatsapp":"839994401626","is_geek":false} 
 </msg>
<msg timestamp="20220329 10:01:10.486" level="INFO">${response} = &lt;Response [200]&gt;</msg>
<status status="PASS" starttime="20220329 10:01:09.609" endtime="20220329 10:01:10.486"/>
</kw>
<msg timestamp="20220329 10:01:10.486" level="INFO">${response} = &lt;Response [200]&gt;</msg>
<status status="PASS" starttime="20220329 10:01:09.608" endtime="20220329 10:01:10.486"/>
</kw>
<kw name="Should Be Equal As Strings" library="BuiltIn">
<arg>${user}[after][name]</arg>
<arg>${response.json()}[name]</arg>
<doc>Fails if objects are unequal after converting them to strings.</doc>
<status status="PASS" starttime="20220329 10:01:10.487" endtime="20220329 10:01:10.488"/>
</kw>
<kw name="Should Be Equal As Strings" library="BuiltIn">
<arg>${user}[after][email]</arg>
<arg>${response.json()}[email]</arg>
<doc>Fails if objects are unequal after converting them to strings.</doc>
<status status="PASS" starttime="20220329 10:01:10.488" endtime="20220329 10:01:10.489"/>
</kw>
<kw name="Should Be Equal As Strings" library="BuiltIn">
<arg>${user}[after][whatsapp]</arg>
<arg>${response.json()}[whatsapp]</arg>
<doc>Fails if objects are unequal after converting them to strings.</doc>
<status status="PASS" starttime="20220329 10:01:10.489" endtime="20220329 10:01:10.490"/>
</kw>
<kw name="Should Be Equal As Strings" library="BuiltIn">
<arg>${user}[after][avatar]</arg>
<arg>${response.json()}[avatar]</arg>
<doc>Fails if objects are unequal after converting them to strings.</doc>
<status status="PASS" starttime="20220329 10:01:10.491" endtime="20220329 10:01:10.492"/>
</kw>
<kw name="Should Be Equal As Strings" library="BuiltIn">
<arg>False</arg>
<arg>${response.json()}[is_geek]</arg>
<doc>Fails if objects are unequal after converting them to strings.</doc>
<msg timestamp="20220329 10:01:10.493" level="INFO">Argument types are:
&lt;type 'unicode'&gt;
&lt;class 'bool'&gt;</msg>
<status status="PASS" starttime="20220329 10:01:10.492" endtime="20220329 10:01:10.493"/>
</kw>
<tag>atualizar</tag>
<status status="PASS" starttime="20220329 10:01:07.719" endtime="20220329 10:01:10.494"/>
</test>
<doc>Users route test suite</doc>
<status status="PASS" starttime="20220329 10:00:58.197" endtime="20220329 10:01:10.497"/>
</suite>
<status status="PASS" starttime="20220329 10:00:31.355" endtime="20220329 10:01:10.500"/>
</suite>
<statistics>
<total>
<stat pass="16" fail="0" skip="0">All Tests</stat>
</total>
<tag>
<stat pass="1" fail="0" skip="0">002</stat>
<stat pass="1" fail="0" skip="0">1</stat>
<stat pass="1" fail="0" skip="0">atualizar</stat>
<stat pass="1" fail="0" skip="0">buscar</stat>
<stat pass="1" fail="0" skip="0">duplicado</stat>
<stat pass="1" fail="0" skip="0">remover</stat>
<stat pass="1" fail="0" skip="0">sememail</stat>
<stat pass="1" fail="0" skip="0">temp</stat>
</tag>
<suite>
<stat pass="16" fail="0" skip="0" id="s1" name="Testes">Testes</stat>
<stat pass="2" fail="0" skip="0" id="s1-s1" name="Geeks">Testes.Geeks</stat>
<stat pass="1" fail="0" skip="0" id="s1-s2" name="SessionporTemplate">Testes.SessionporTemplate</stat>
<stat pass="8" fail="0" skip="0" id="s1-s3" name="Sessions">Testes.Sessions</stat>
<stat pass="5" fail="0" skip="0" id="s1-s4" name="Users">Testes.Users</stat>
</suite>
</statistics>
<errors>
</errors>
</robot>
